[2.259s] DEBUG:colcon:Command line arguments: ['/usr/bin/colcon', 'build']
[2.259s] DEBUG:colcon:Parsed command line arguments: Namespace(allow_overriding=[], ament_cmake_args=None, base_paths=['.'], build_base='build', catkin_cmake_args=None, catkin_skip_building_tests=False, cmake_args=None, cmake_clean_cache=False, cmake_clean_first=False, cmake_force_configure=False, cmake_target=None, cmake_target_skip_unavailable=False, continue_on_error=False, event_handlers=None, executor='parallel', ignore_user_meta=False, install_base='install', log_base=None, log_level=None, main=<bound method BuildVerb.main of <colcon_core.verb.build.BuildVerb object at 0x7f6296856df0>>, merge_install=False, metas=['./colcon.meta'], packages_above=None, packages_above_and_dependencies=None, packages_above_depth=None, packages_end=None, packages_ignore=None, packages_ignore_regex=None, packages_select=None, packages_select_build_failed=False, packages_select_by_dep=None, packages_select_regex=None, packages_select_test_failures=False, packages_skip=None, packages_skip_build_finished=False, packages_skip_by_dep=None, packages_skip_regex=None, packages_skip_test_passed=False, packages_skip_up_to=None, packages_start=None, packages_up_to=None, packages_up_to_regex=None, parallel_workers=12, paths=None, symlink_install=False, test_result_base=None, verb_extension=<colcon_core.verb.build.BuildVerb object at 0x7f6296856df0>, verb_name='build', verb_parser=<colcon_defaults.argument_parser.defaults.DefaultArgumentsDecorator object at 0x7f62968c63a0>)
[2.450s] Level 1:colcon.colcon_core.package_discovery:discover_packages(colcon_meta) check parameters
[2.450s] Level 1:colcon.colcon_core.package_discovery:discover_packages(recursive) check parameters
[2.450s] Level 1:colcon.colcon_core.package_discovery:discover_packages(ignore) check parameters
[2.450s] Level 1:colcon.colcon_core.package_discovery:discover_packages(path) check parameters
[2.451s] Level 1:colcon.colcon_core.package_discovery:discover_packages(colcon_meta) discover
[2.451s] Level 1:colcon.colcon_core.package_discovery:discover_packages(recursive) discover
[2.451s] INFO:colcon.colcon_core.package_discovery:Crawling recursively for packages in '/home/marko/comp3431_workspace'
[2.451s] Level 1:colcon.colcon_core.package_identification:_identify(.) by extensions ['ignore', 'ignore_ament_install']
[2.452s] Level 1:colcon.colcon_core.package_identification:_identify(.) by extension 'ignore'
[2.452s] Level 1:colcon.colcon_core.package_identification:_identify(.) by extension 'ignore_ament_install'
[2.452s] Level 1:colcon.colcon_core.package_identification:_identify(.) by extensions ['colcon_pkg']
[2.452s] Level 1:colcon.colcon_core.package_identification:_identify(.) by extension 'colcon_pkg'
[2.452s] Level 1:colcon.colcon_core.package_identification:_identify(.) by extensions ['colcon_meta']
[2.452s] Level 1:colcon.colcon_core.package_identification:_identify(.) by extension 'colcon_meta'
[2.453s] Level 1:colcon.colcon_core.package_identification:_identify(.) by extensions ['ros']
[2.453s] Level 1:colcon.colcon_core.package_identification:_identify(.) by extension 'ros'
[2.506s] Level 1:colcon.colcon_core.package_identification:_identify(.) by extensions ['cmake', 'python']
[2.506s] Level 1:colcon.colcon_core.package_identification:_identify(.) by extension 'cmake'
[2.506s] Level 1:colcon.colcon_core.package_identification:_identify(.) by extension 'python'
[2.506s] Level 1:colcon.colcon_core.package_identification:_identify(.) by extensions ['python_setup_py']
[2.506s] Level 1:colcon.colcon_core.package_identification:_identify(.) by extension 'python_setup_py'
[2.507s] Level 1:colcon.colcon_core.package_identification:_identify(build) by extensions ['ignore', 'ignore_ament_install']
[2.507s] Level 1:colcon.colcon_core.package_identification:_identify(build) by extension 'ignore'
[2.507s] Level 1:colcon.colcon_core.package_identification:_identify(build) ignored
[2.507s] Level 1:colcon.colcon_core.package_identification:_identify(install) by extensions ['ignore', 'ignore_ament_install']
[2.507s] Level 1:colcon.colcon_core.package_identification:_identify(install) by extension 'ignore'
[2.507s] Level 1:colcon.colcon_core.package_identification:_identify(install) ignored
[2.508s] Level 1:colcon.colcon_core.package_identification:_identify(log) by extensions ['ignore', 'ignore_ament_install']
[2.508s] Level 1:colcon.colcon_core.package_identification:_identify(log) by extension 'ignore'
[2.508s] Level 1:colcon.colcon_core.package_identification:_identify(log) ignored
[2.508s] Level 1:colcon.colcon_core.package_identification:_identify(src) by extensions ['ignore', 'ignore_ament_install']
[2.508s] Level 1:colcon.colcon_core.package_identification:_identify(src) by extension 'ignore'
[2.508s] Level 1:colcon.colcon_core.package_identification:_identify(src) by extension 'ignore_ament_install'
[2.509s] Level 1:colcon.colcon_core.package_identification:_identify(src) by extensions ['colcon_pkg']
[2.509s] Level 1:colcon.colcon_core.package_identification:_identify(src) by extension 'colcon_pkg'
[2.509s] Level 1:colcon.colcon_core.package_identification:_identify(src) by extensions ['colcon_meta']
[2.509s] Level 1:colcon.colcon_core.package_identification:_identify(src) by extension 'colcon_meta'
[2.509s] Level 1:colcon.colcon_core.package_identification:_identify(src) by extensions ['ros']
[2.509s] Level 1:colcon.colcon_core.package_identification:_identify(src) by extension 'ros'
[2.509s] Level 1:colcon.colcon_core.package_identification:_identify(src) by extensions ['cmake', 'python']
[2.509s] Level 1:colcon.colcon_core.package_identification:_identify(src) by extension 'cmake'
[2.509s] Level 1:colcon.colcon_core.package_identification:_identify(src) by extension 'python'
[2.509s] Level 1:colcon.colcon_core.package_identification:_identify(src) by extensions ['python_setup_py']
[2.509s] Level 1:colcon.colcon_core.package_identification:_identify(src) by extension 'python_setup_py'
[2.510s] Level 1:colcon.colcon_core.package_identification:_identify(src/ros_tutorials) by extensions ['ignore', 'ignore_ament_install']
[2.510s] Level 1:colcon.colcon_core.package_identification:_identify(src/ros_tutorials) by extension 'ignore'
[2.510s] Level 1:colcon.colcon_core.package_identification:_identify(src/ros_tutorials) by extension 'ignore_ament_install'
[2.510s] Level 1:colcon.colcon_core.package_identification:_identify(src/ros_tutorials) by extensions ['colcon_pkg']
[2.510s] Level 1:colcon.colcon_core.package_identification:_identify(src/ros_tutorials) by extension 'colcon_pkg'
[2.510s] Level 1:colcon.colcon_core.package_identification:_identify(src/ros_tutorials) by extensions ['colcon_meta']
[2.510s] Level 1:colcon.colcon_core.package_identification:_identify(src/ros_tutorials) by extension 'colcon_meta'
[2.510s] Level 1:colcon.colcon_core.package_identification:_identify(src/ros_tutorials) by extensions ['ros']
[2.510s] Level 1:colcon.colcon_core.package_identification:_identify(src/ros_tutorials) by extension 'ros'
[2.511s] Level 1:colcon.colcon_core.package_identification:_identify(src/ros_tutorials) by extensions ['cmake', 'python']
[2.511s] Level 1:colcon.colcon_core.package_identification:_identify(src/ros_tutorials) by extension 'cmake'
[2.511s] Level 1:colcon.colcon_core.package_identification:_identify(src/ros_tutorials) by extension 'python'
[2.511s] Level 1:colcon.colcon_core.package_identification:_identify(src/ros_tutorials) by extensions ['python_setup_py']
[2.511s] Level 1:colcon.colcon_core.package_identification:_identify(src/ros_tutorials) by extension 'python_setup_py'
[2.511s] Level 1:colcon.colcon_core.package_identification:_identify(src/ros_tutorials/ros_tutorials) by extensions ['ignore', 'ignore_ament_install']
[2.511s] Level 1:colcon.colcon_core.package_identification:_identify(src/ros_tutorials/ros_tutorials) by extension 'ignore'
[2.511s] Level 1:colcon.colcon_core.package_identification:_identify(src/ros_tutorials/ros_tutorials) ignored
[2.511s] Level 1:colcon.colcon_core.package_identification:_identify(src/ros_tutorials/roscpp_tutorials) by extensions ['ignore', 'ignore_ament_install']
[2.512s] Level 1:colcon.colcon_core.package_identification:_identify(src/ros_tutorials/roscpp_tutorials) by extension 'ignore'
[2.512s] Level 1:colcon.colcon_core.package_identification:_identify(src/ros_tutorials/roscpp_tutorials) ignored
[2.512s] Level 1:colcon.colcon_core.package_identification:_identify(src/ros_tutorials/rospy_tutorials) by extensions ['ignore', 'ignore_ament_install']
[2.512s] Level 1:colcon.colcon_core.package_identification:_identify(src/ros_tutorials/rospy_tutorials) by extension 'ignore'
[2.512s] Level 1:colcon.colcon_core.package_identification:_identify(src/ros_tutorials/rospy_tutorials) ignored
[2.512s] Level 1:colcon.colcon_core.package_identification:_identify(src/ros_tutorials/turtlesim) by extensions ['ignore', 'ignore_ament_install']
[2.513s] Level 1:colcon.colcon_core.package_identification:_identify(src/ros_tutorials/turtlesim) by extension 'ignore'
[2.513s] Level 1:colcon.colcon_core.package_identification:_identify(src/ros_tutorials/turtlesim) by extension 'ignore_ament_install'
[2.513s] Level 1:colcon.colcon_core.package_identification:_identify(src/ros_tutorials/turtlesim) by extensions ['colcon_pkg']
[2.513s] Level 1:colcon.colcon_core.package_identification:_identify(src/ros_tutorials/turtlesim) by extension 'colcon_pkg'
[2.513s] Level 1:colcon.colcon_core.package_identification:_identify(src/ros_tutorials/turtlesim) by extensions ['colcon_meta']
[2.513s] Level 1:colcon.colcon_core.package_identification:_identify(src/ros_tutorials/turtlesim) by extension 'colcon_meta'
[2.513s] Level 1:colcon.colcon_core.package_identification:_identify(src/ros_tutorials/turtlesim) by extensions ['ros']
[2.513s] Level 1:colcon.colcon_core.package_identification:_identify(src/ros_tutorials/turtlesim) by extension 'ros'
[2.518s] DEBUG:colcon.colcon_core.package_identification:Package 'src/ros_tutorials/turtlesim' with type 'ros.ament_cmake' and name 'turtlesim'
[2.518s] Level 1:colcon.colcon_core.package_discovery:discover_packages(recursive) using defaults
[2.518s] Level 1:colcon.colcon_core.package_discovery:discover_packages(ignore) discover
[2.518s] Level 1:colcon.colcon_core.package_discovery:discover_packages(ignore) using defaults
[2.518s] Level 1:colcon.colcon_core.package_discovery:discover_packages(path) discover
[2.518s] Level 1:colcon.colcon_core.package_discovery:discover_packages(path) using defaults
[2.594s] Level 1:colcon.colcon_core.package_discovery:discover_packages(prefix_path) check parameters
[2.594s] Level 1:colcon.colcon_core.package_discovery:discover_packages(prefix_path) discover
[2.609s] DEBUG:colcon.colcon_installed_package_information.package_discovery:Found 341 installed packages in /opt/ros/foxy
[2.614s] Level 1:colcon.colcon_core.package_discovery:discover_packages(prefix_path) using defaults
[2.875s] WARNING:colcon.colcon_core.package_selection:Some selected packages are already built in one or more underlay workspaces:
	'turtlesim' is in: /opt/ros/foxy
If a package in a merged underlay workspace is overridden and it installs headers, then all packages in the overlay must sort their include directories by workspace order. Failure to do so may result in build failures or undefined behavior at run time.
If the overridden package is used by another package in any underlay, then the overriding package in the overlay must be API and ABI compatible or undefined behavior at run time may occur.

If you understand the risks and want to override a package anyways, add the following to the command line:
	--allow-overriding turtlesim

This may be promoted to an error in a future release of colcon-override-check.
[2.878s] Level 5:colcon.colcon_core.verb:set package 'turtlesim' build argument 'cmake_args' from command line to 'None'
[2.878s] Level 5:colcon.colcon_core.verb:set package 'turtlesim' build argument 'cmake_target' from command line to 'None'
[2.878s] Level 5:colcon.colcon_core.verb:set package 'turtlesim' build argument 'cmake_target_skip_unavailable' from command line to 'False'
[2.878s] Level 5:colcon.colcon_core.verb:set package 'turtlesim' build argument 'cmake_clean_cache' from command line to 'False'
[2.879s] Level 5:colcon.colcon_core.verb:set package 'turtlesim' build argument 'cmake_clean_first' from command line to 'False'
[2.879s] Level 5:colcon.colcon_core.verb:set package 'turtlesim' build argument 'cmake_force_configure' from command line to 'False'
[2.879s] Level 5:colcon.colcon_core.verb:set package 'turtlesim' build argument 'ament_cmake_args' from command line to 'None'
[2.879s] Level 5:colcon.colcon_core.verb:set package 'turtlesim' build argument 'catkin_cmake_args' from command line to 'None'
[2.879s] Level 5:colcon.colcon_core.verb:set package 'turtlesim' build argument 'catkin_skip_building_tests' from command line to 'False'
[2.879s] DEBUG:colcon.colcon_core.verb:Building package 'turtlesim' with the following arguments: {'ament_cmake_args': None, 'build_base': '/home/marko/comp3431_workspace/build/turtlesim', 'catkin_cmake_args': None, 'catkin_skip_building_tests': False, 'cmake_args': None, 'cmake_clean_cache': False, 'cmake_clean_first': False, 'cmake_force_configure': False, 'cmake_target': None, 'cmake_target_skip_unavailable': False, 'install_base': '/home/marko/comp3431_workspace/install/turtlesim', 'merge_install': False, 'path': '/home/marko/comp3431_workspace/src/ros_tutorials/turtlesim', 'symlink_install': False, 'test_result_base': None}
[2.881s] INFO:colcon.colcon_core.executor:Executing jobs using 'parallel' executor
[2.889s] DEBUG:colcon.colcon_parallel_executor.executor.parallel:run_until_complete
[2.890s] INFO:colcon.colcon_ros.task.ament_cmake.build:Building ROS package in '/home/marko/comp3431_workspace/src/ros_tutorials/turtlesim' with build type 'ament_cmake'
[2.890s] INFO:colcon.colcon_cmake.task.cmake.build:Building CMake package in '/home/marko/comp3431_workspace/src/ros_tutorials/turtlesim'
[2.918s] INFO:colcon.colcon_core.plugin_system:Skipping extension 'colcon_core.shell.bat': Not used on non-Windows systems
[2.918s] INFO:colcon.colcon_core.shell:Skip shell extension 'powershell' for command environment: Not usable outside of PowerShell
[2.918s] DEBUG:colcon.colcon_core.shell:Skip shell extension 'dsv' for command environment
[2.941s] DEBUG:colcon.colcon_core.event_handler.log_command:Invoking command in '/home/marko/comp3431_workspace/build/turtlesim': CMAKE_PREFIX_PATH=/opt/ros/foxy /usr/bin/cmake /home/marko/comp3431_workspace/src/ros_tutorials/turtlesim -DCMAKE_INSTALL_PREFIX=/home/marko/comp3431_workspace/install/turtlesim
[70.321s] DEBUG:colcon.colcon_core.event_handler.log_command:Invoked command in '/home/marko/comp3431_workspace/build/turtlesim' returned '0': CMAKE_PREFIX_PATH=/opt/ros/foxy /usr/bin/cmake /home/marko/comp3431_workspace/src/ros_tutorials/turtlesim -DCMAKE_INSTALL_PREFIX=/home/marko/comp3431_workspace/install/turtlesim
[70.322s] DEBUG:colcon.colcon_core.event_handler.log_command:Invoking command in '/home/marko/comp3431_workspace/build/turtlesim': CMAKE_PREFIX_PATH=/opt/ros/foxy /usr/bin/cmake --build /home/marko/comp3431_workspace/build/turtlesim -- -j12 -l12
[98.182s] DEBUG:colcon.colcon_core.event_handler.log_command:Invoked command in '/home/marko/comp3431_workspace/build/turtlesim' returned '0': CMAKE_PREFIX_PATH=/opt/ros/foxy /usr/bin/cmake --build /home/marko/comp3431_workspace/build/turtlesim -- -j12 -l12
[98.554s] DEBUG:colcon.colcon_core.event_handler.log_command:Invoking command in '/home/marko/comp3431_workspace/build/turtlesim': CMAKE_PREFIX_PATH=/opt/ros/foxy /usr/bin/cmake --install /home/marko/comp3431_workspace/build/turtlesim
[98.732s] Level 1:colcon.colcon_core.environment:create_environment_scripts_only(turtlesim)
[98.735s] DEBUG:colcon.colcon_core.event_handler.log_command:Invoked command in '/home/marko/comp3431_workspace/build/turtlesim' returned '0': CMAKE_PREFIX_PATH=/opt/ros/foxy /usr/bin/cmake --install /home/marko/comp3431_workspace/build/turtlesim
[98.763s] Level 1:colcon.colcon_core.environment:checking '/home/marko/comp3431_workspace/install/turtlesim' for CMake module files
[98.764s] Level 1:colcon.colcon_core.environment:checking '/home/marko/comp3431_workspace/install/turtlesim' for CMake config files
[98.765s] Level 1:colcon.colcon_core.shell:create_environment_hook('turtlesim', 'cmake_prefix_path')
[98.769s] INFO:colcon.colcon_core.shell:Creating environment hook '/home/marko/comp3431_workspace/install/turtlesim/share/turtlesim/hook/cmake_prefix_path.ps1'
[98.772s] INFO:colcon.colcon_core.shell:Creating environment descriptor '/home/marko/comp3431_workspace/install/turtlesim/share/turtlesim/hook/cmake_prefix_path.dsv'
[98.773s] INFO:colcon.colcon_core.shell:Creating environment hook '/home/marko/comp3431_workspace/install/turtlesim/share/turtlesim/hook/cmake_prefix_path.sh'
[98.775s] Level 1:colcon.colcon_core.environment:checking '/home/marko/comp3431_workspace/install/turtlesim/lib'
[98.776s] Level 1:colcon.colcon_core.shell:create_environment_hook('turtlesim', 'ld_library_path_lib')
[98.778s] INFO:colcon.colcon_core.shell:Creating environment hook '/home/marko/comp3431_workspace/install/turtlesim/share/turtlesim/hook/ld_library_path_lib.ps1'
[98.779s] INFO:colcon.colcon_core.shell:Creating environment descriptor '/home/marko/comp3431_workspace/install/turtlesim/share/turtlesim/hook/ld_library_path_lib.dsv'
[98.779s] INFO:colcon.colcon_core.shell:Creating environment hook '/home/marko/comp3431_workspace/install/turtlesim/share/turtlesim/hook/ld_library_path_lib.sh'
[98.780s] Level 1:colcon.colcon_core.environment:checking '/home/marko/comp3431_workspace/install/turtlesim/bin'
[98.780s] Level 1:colcon.colcon_core.environment:checking '/home/marko/comp3431_workspace/install/turtlesim/lib/pkgconfig/turtlesim.pc'
[98.781s] Level 1:colcon.colcon_core.environment:checking '/home/marko/comp3431_workspace/install/turtlesim/lib/python3.8/site-packages'
[98.781s] Level 1:colcon.colcon_core.shell:create_environment_hook('turtlesim', 'pythonpath')
[98.783s] INFO:colcon.colcon_core.shell:Creating environment hook '/home/marko/comp3431_workspace/install/turtlesim/share/turtlesim/hook/pythonpath.ps1'
[98.783s] INFO:colcon.colcon_core.shell:Creating environment descriptor '/home/marko/comp3431_workspace/install/turtlesim/share/turtlesim/hook/pythonpath.dsv'
[98.784s] INFO:colcon.colcon_core.shell:Creating environment hook '/home/marko/comp3431_workspace/install/turtlesim/share/turtlesim/hook/pythonpath.sh'
[98.785s] Level 1:colcon.colcon_core.environment:checking '/home/marko/comp3431_workspace/install/turtlesim/bin'
[98.787s] INFO:colcon.colcon_core.shell:Creating package script '/home/marko/comp3431_workspace/install/turtlesim/share/turtlesim/package.ps1'
[98.790s] INFO:colcon.colcon_core.shell:Creating package descriptor '/home/marko/comp3431_workspace/install/turtlesim/share/turtlesim/package.dsv'
[98.792s] INFO:colcon.colcon_core.shell:Creating package script '/home/marko/comp3431_workspace/install/turtlesim/share/turtlesim/package.sh'
[98.794s] INFO:colcon.colcon_core.shell:Creating package script '/home/marko/comp3431_workspace/install/turtlesim/share/turtlesim/package.bash'
[98.797s] INFO:colcon.colcon_core.shell:Creating package script '/home/marko/comp3431_workspace/install/turtlesim/share/turtlesim/package.zsh'
[98.800s] Level 1:colcon.colcon_core.environment:create_file_with_runtime_dependencies(/home/marko/comp3431_workspace/install/turtlesim/share/colcon-core/packages/turtlesim)
[99.285s] Level 1:colcon.colcon_core.environment:create_environment_scripts_only(turtlesim)
[99.293s] Level 1:colcon.colcon_core.environment:checking '/home/marko/comp3431_workspace/install/turtlesim' for CMake module files
[99.296s] Level 1:colcon.colcon_core.environment:checking '/home/marko/comp3431_workspace/install/turtlesim' for CMake config files
[99.298s] Level 1:colcon.colcon_core.shell:create_environment_hook('turtlesim', 'cmake_prefix_path')
[99.303s] INFO:colcon.colcon_core.shell:Creating environment hook '/home/marko/comp3431_workspace/install/turtlesim/share/turtlesim/hook/cmake_prefix_path.ps1'
[99.305s] INFO:colcon.colcon_core.shell:Creating environment descriptor '/home/marko/comp3431_workspace/install/turtlesim/share/turtlesim/hook/cmake_prefix_path.dsv'
[99.306s] INFO:colcon.colcon_core.shell:Creating environment hook '/home/marko/comp3431_workspace/install/turtlesim/share/turtlesim/hook/cmake_prefix_path.sh'
[99.309s] Level 1:colcon.colcon_core.environment:checking '/home/marko/comp3431_workspace/install/turtlesim/lib'
[99.309s] Level 1:colcon.colcon_core.shell:create_environment_hook('turtlesim', 'ld_library_path_lib')
[99.314s] INFO:colcon.colcon_core.shell:Creating environment hook '/home/marko/comp3431_workspace/install/turtlesim/share/turtlesim/hook/ld_library_path_lib.ps1'
[99.315s] INFO:colcon.colcon_core.shell:Creating environment descriptor '/home/marko/comp3431_workspace/install/turtlesim/share/turtlesim/hook/ld_library_path_lib.dsv'
[99.316s] INFO:colcon.colcon_core.shell:Creating environment hook '/home/marko/comp3431_workspace/install/turtlesim/share/turtlesim/hook/ld_library_path_lib.sh'
[99.317s] Level 1:colcon.colcon_core.environment:checking '/home/marko/comp3431_workspace/install/turtlesim/bin'
[99.318s] Level 1:colcon.colcon_core.environment:checking '/home/marko/comp3431_workspace/install/turtlesim/lib/pkgconfig/turtlesim.pc'
[99.319s] Level 1:colcon.colcon_core.environment:checking '/home/marko/comp3431_workspace/install/turtlesim/lib/python3.8/site-packages'
[99.319s] Level 1:colcon.colcon_core.shell:create_environment_hook('turtlesim', 'pythonpath')
[99.324s] INFO:colcon.colcon_core.shell:Creating environment hook '/home/marko/comp3431_workspace/install/turtlesim/share/turtlesim/hook/pythonpath.ps1'
[99.327s] INFO:colcon.colcon_core.shell:Creating environment descriptor '/home/marko/comp3431_workspace/install/turtlesim/share/turtlesim/hook/pythonpath.dsv'
[99.328s] INFO:colcon.colcon_core.shell:Creating environment hook '/home/marko/comp3431_workspace/install/turtlesim/share/turtlesim/hook/pythonpath.sh'
[99.330s] Level 1:colcon.colcon_core.environment:checking '/home/marko/comp3431_workspace/install/turtlesim/bin'
[99.336s] INFO:colcon.colcon_core.shell:Creating package script '/home/marko/comp3431_workspace/install/turtlesim/share/turtlesim/package.ps1'
[99.340s] INFO:colcon.colcon_core.shell:Creating package descriptor '/home/marko/comp3431_workspace/install/turtlesim/share/turtlesim/package.dsv'
[99.342s] INFO:colcon.colcon_core.shell:Creating package script '/home/marko/comp3431_workspace/install/turtlesim/share/turtlesim/package.sh'
[99.344s] INFO:colcon.colcon_core.shell:Creating package script '/home/marko/comp3431_workspace/install/turtlesim/share/turtlesim/package.bash'
[99.345s] INFO:colcon.colcon_core.shell:Creating package script '/home/marko/comp3431_workspace/install/turtlesim/share/turtlesim/package.zsh'
[99.347s] Level 1:colcon.colcon_core.environment:create_file_with_runtime_dependencies(/home/marko/comp3431_workspace/install/turtlesim/share/colcon-core/packages/turtlesim)
[99.348s] DEBUG:colcon.colcon_parallel_executor.executor.parallel:closing loop
[99.351s] DEBUG:colcon.colcon_parallel_executor.executor.parallel:loop closed
[99.351s] DEBUG:colcon.colcon_parallel_executor.executor.parallel:run_until_complete finished with '0'
[99.351s] DEBUG:colcon.colcon_core.event_reactor:joining thread
[99.414s] INFO:colcon.colcon_core.plugin_system:Skipping extension 'colcon_notification.desktop_notification.terminal_notifier': Not used on non-Darwin systems
[99.414s] INFO:colcon.colcon_core.plugin_system:Skipping extension 'colcon_notification.desktop_notification.win32': Not used on non-Windows systems
[99.415s] INFO:colcon.colcon_notification.desktop_notification:Sending desktop notification using 'notify2'
[99.415s] DEBUG:colcon.colcon_notification.desktop_notification.notify2:Failed to initialize notify2: org.freedesktop.DBus.Error.NotSupported: Unable to autolaunch a dbus-daemon without a $DISPLAY for X11
[99.416s] DEBUG:colcon.colcon_core.event_reactor:joined thread
[99.426s] INFO:colcon.colcon_core.shell:Creating prefix script '/home/marko/comp3431_workspace/install/local_setup.ps1'
[99.434s] INFO:colcon.colcon_core.shell:Creating prefix util module '/home/marko/comp3431_workspace/install/_local_setup_util_ps1.py'
[99.440s] INFO:colcon.colcon_core.shell:Creating prefix chain script '/home/marko/comp3431_workspace/install/setup.ps1'
[99.450s] INFO:colcon.colcon_core.shell:Creating prefix script '/home/marko/comp3431_workspace/install/local_setup.sh'
[99.454s] INFO:colcon.colcon_core.shell:Creating prefix util module '/home/marko/comp3431_workspace/install/_local_setup_util_sh.py'
[99.456s] INFO:colcon.colcon_core.shell:Creating prefix chain script '/home/marko/comp3431_workspace/install/setup.sh'
[99.464s] INFO:colcon.colcon_core.shell:Creating prefix script '/home/marko/comp3431_workspace/install/local_setup.bash'
[99.466s] INFO:colcon.colcon_core.shell:Creating prefix chain script '/home/marko/comp3431_workspace/install/setup.bash'
[99.473s] INFO:colcon.colcon_core.shell:Creating prefix script '/home/marko/comp3431_workspace/install/local_setup.zsh'
[99.476s] INFO:colcon.colcon_core.shell:Creating prefix chain script '/home/marko/comp3431_workspace/install/setup.zsh'
