[0.049s] Invoking command in '/home/marko/comp3431_workspace/build/turtlesim': CMAKE_PREFIX_PATH=/opt/ros/foxy /usr/bin/cmake /home/marko/comp3431_workspace/src/ros_tutorials/turtlesim -DCMAKE_INSTALL_PREFIX=/home/marko/comp3431_workspace/install/turtlesim
[1.831s] -- The C compiler identification is GNU 9.4.0
[3.573s] -- The CXX compiler identification is GNU 9.4.0
[4.453s] -- Check for working C compiler: /usr/bin/cc
[5.197s] -- Check for working C compiler: /usr/bin/cc -- works
[5.207s] -- Detecting C compiler ABI info
[6.037s] -- Detecting C compiler ABI info - done
[6.096s] -- Detecting C compile features
[6.099s] -- Detecting C compile features - done
[6.114s] -- Check for working CXX compiler: /usr/bin/c++
[7.117s] -- Check for working CXX compiler: /usr/bin/c++ -- works
[7.120s] -- Detecting CXX compiler ABI info
[7.959s] -- Detecting CXX compiler ABI info - done
[7.991s] -- Detecting CXX compile features
[7.993s] -- Detecting CXX compile features - done
[8.013s] -- Found ament_cmake: 0.9.12 (/opt/ros/foxy/share/ament_cmake/cmake)
[8.105s] -- Found PythonInterp: /usr/bin/python3 (found suitable version "3.8.10", minimum required is "3") 
[8.105s] -- Using PYTHON_EXECUTABLE: /usr/bin/python3
[8.546s] -- Found ament_index_cpp: 1.1.0 (/opt/ros/foxy/share/ament_index_cpp/cmake)
[8.563s] -- Found geometry_msgs: 2.0.5 (/opt/ros/foxy/share/geometry_msgs/cmake)
[9.337s] -- Using all available rosidl_typesupport_c: rosidl_typesupport_fastrtps_c;rosidl_typesupport_introspection_c
[9.367s] -- Found rosidl_adapter: 1.3.1 (/opt/ros/foxy/share/rosidl_adapter/cmake)
[15.114s] -- Found OpenSSL: /usr/lib/x86_64-linux-gnu/libcrypto.so (found version "1.1.1f")  
[21.770s] -- Found FastRTPS: /opt/ros/foxy/include  
[33.821s] -- Using all available rosidl_typesupport_cpp: rosidl_typesupport_fastrtps_cpp;rosidl_typesupport_introspection_cpp
[34.169s] -- Found rclcpp: 2.4.3 (/opt/ros/foxy/share/rclcpp/cmake)
[34.354s] -- Found rmw_implementation_cmake: 1.0.4 (/opt/ros/foxy/share/rmw_implementation_cmake/cmake)
[34.362s] -- Using RMW implementation 'rmw_fastrtps_cpp' as default
[34.369s] -- Looking for pthread.h
[34.924s] -- Looking for pthread.h - found
[34.924s] -- Performing Test CMAKE_HAVE_LIBC_PTHREAD
[35.745s] -- Performing Test CMAKE_HAVE_LIBC_PTHREAD - Failed
[35.746s] -- Looking for pthread_create in pthreads
[36.445s] -- Looking for pthread_create in pthreads - not found
[36.445s] -- Looking for pthread_create in pthread
[37.266s] -- Looking for pthread_create in pthread - found
[37.270s] -- Found Threads: TRUE  
[37.779s] -- Found rclcpp_action: 2.4.3 (/opt/ros/foxy/share/rclcpp_action/cmake)
[38.039s] -- Found rosidl_default_generators: 1.0.1 (/opt/ros/foxy/share/rosidl_default_generators/cmake)
[38.071s] -- Found std_srvs: 2.0.5 (/opt/ros/foxy/share/std_srvs/cmake)
[38.157s] -- Found PythonInterp: /usr/bin/python3 (found version "3.8.10") 
[38.700s] -- Found ament_cmake_ros: 0.9.2 (/opt/ros/foxy/share/ament_cmake_ros/cmake)
[63.555s] -- Using all available rosidl_typesupport_c: rosidl_typesupport_fastrtps_c;rosidl_typesupport_introspection_c
[63.627s] -- Using all available rosidl_typesupport_cpp: rosidl_typesupport_fastrtps_cpp;rosidl_typesupport_introspection_cpp
[63.685s] -- Found PythonInterp: /usr/bin/python3 (found suitable version "3.8.10", minimum required is "3.5") 
[63.691s] -- Found python_cmake_module: 0.8.1 (/opt/ros/foxy/share/python_cmake_module/cmake)
[66.662s] -- Found PythonLibs: /usr/lib/x86_64-linux-gnu/libpython3.8.so (found suitable version "3.8.10", minimum required is "3.5") 
[66.663s] -- Using PYTHON_EXECUTABLE: /usr/bin/python3
[66.663s] -- Using PYTHON_INCLUDE_DIRS: /usr/include/python3.8
[66.664s] -- Using PYTHON_LIBRARIES: /usr/lib/x86_64-linux-gnu/libpython3.8.so
[66.740s] -- Found PythonExtra: .so  
[67.181s] -- Configuring done
[67.407s] -- Generating done
[67.411s] -- Build files have been written to: /home/marko/comp3431_workspace/build/turtlesim
[67.430s] Invoked command in '/home/marko/comp3431_workspace/build/turtlesim' returned '0': CMAKE_PREFIX_PATH=/opt/ros/foxy /usr/bin/cmake /home/marko/comp3431_workspace/src/ros_tutorials/turtlesim -DCMAKE_INSTALL_PREFIX=/home/marko/comp3431_workspace/install/turtlesim
[67.431s] Invoking command in '/home/marko/comp3431_workspace/build/turtlesim': CMAKE_PREFIX_PATH=/opt/ros/foxy /usr/bin/cmake --build /home/marko/comp3431_workspace/build/turtlesim -- -j12 -l12
[67.515s] [  1%] [34m[1mGenerating C code for ROS interfaces[0m
[67.516s] [35m[1mScanning dependencies of target turtlesim__cpp[0m
[67.555s] [  2%] [34m[1mGenerating C++ code for ROS interfaces[0m
[68.678s] [  2%] Built target turtlesim__cpp
[68.690s] [  3%] [34m[1mGenerating C++ introspection for ROS interfaces[0m
[68.691s] [  4%] [34m[1mGenerating C++ type support for eProsima Fast-RTPS[0m
[68.691s] [  5%] [34m[1mGenerating C++ type support dispatch for ROS interfaces[0m
[68.786s] [35m[1mScanning dependencies of target turtlesim__rosidl_generator_c[0m
[68.831s] [  6%] [32mBuilding C object CMakeFiles/turtlesim__rosidl_generator_c.dir/rosidl_generator_c/turtlesim/msg/detail/color__functions.c.o[0m
[68.831s] [  7%] [32mBuilding C object CMakeFiles/turtlesim__rosidl_generator_c.dir/rosidl_generator_c/turtlesim/action/detail/rotate_absolute__functions.c.o[0m
[68.831s] [  8%] [32mBuilding C object CMakeFiles/turtlesim__rosidl_generator_c.dir/rosidl_generator_c/turtlesim/srv/detail/spawn__functions.c.o[0m
[68.831s] [  9%] [32mBuilding C object CMakeFiles/turtlesim__rosidl_generator_c.dir/rosidl_generator_c/turtlesim/srv/detail/set_pen__functions.c.o[0m
[68.832s] [ 10%] [32mBuilding C object CMakeFiles/turtlesim__rosidl_generator_c.dir/rosidl_generator_c/turtlesim/msg/detail/pose__functions.c.o[0m
[68.832s] [ 11%] [32mBuilding C object CMakeFiles/turtlesim__rosidl_generator_c.dir/rosidl_generator_c/turtlesim/srv/detail/kill__functions.c.o[0m
[68.834s] [ 13%] [32mBuilding C object CMakeFiles/turtlesim__rosidl_generator_c.dir/rosidl_generator_c/turtlesim/srv/detail/teleport_absolute__functions.c.o[0m
[68.835s] [ 13%] [32mBuilding C object CMakeFiles/turtlesim__rosidl_generator_c.dir/rosidl_generator_c/turtlesim/srv/detail/teleport_relative__functions.c.o[0m
[69.035s] [ 14%] [32m[1mLinking C shared library libturtlesim__rosidl_generator_c.so[0m
[69.310s] [ 14%] Built target turtlesim__rosidl_generator_c
[69.323s] [ 15%] [34m[1mGenerating C type support dispatch for ROS interfaces[0m
[69.325s] [ 16%] [34m[1mGenerating C introspection for ROS interfaces[0m
[69.349s] [35m[1mScanning dependencies of target turtlesim__rosidl_typesupport_cpp[0m
[69.395s] [ 17%] [32mBuilding CXX object CMakeFiles/turtlesim__rosidl_typesupport_cpp.dir/rosidl_typesupport_cpp/turtlesim/action/rotate_absolute__type_support.cpp.o[0m
[69.396s] [ 19%] [32mBuilding CXX object CMakeFiles/turtlesim__rosidl_typesupport_cpp.dir/rosidl_typesupport_cpp/turtlesim/msg/color__type_support.cpp.o[0m
[69.396s] [ 19%] [32mBuilding CXX object CMakeFiles/turtlesim__rosidl_typesupport_cpp.dir/rosidl_typesupport_cpp/turtlesim/msg/pose__type_support.cpp.o[0m
[69.396s] [ 20%] [32mBuilding CXX object CMakeFiles/turtlesim__rosidl_typesupport_cpp.dir/rosidl_typesupport_cpp/turtlesim/srv/set_pen__type_support.cpp.o[0m
[69.397s] [ 22%] [32mBuilding CXX object CMakeFiles/turtlesim__rosidl_typesupport_cpp.dir/rosidl_typesupport_cpp/turtlesim/srv/spawn__type_support.cpp.o[0m
[69.397s] [ 22%] [32mBuilding CXX object CMakeFiles/turtlesim__rosidl_typesupport_cpp.dir/rosidl_typesupport_cpp/turtlesim/srv/kill__type_support.cpp.o[0m
[69.399s] [ 23%] [32mBuilding CXX object CMakeFiles/turtlesim__rosidl_typesupport_cpp.dir/rosidl_typesupport_cpp/turtlesim/srv/teleport_relative__type_support.cpp.o[0m
[69.409s] [ 24%] [32mBuilding CXX object CMakeFiles/turtlesim__rosidl_typesupport_cpp.dir/rosidl_typesupport_cpp/turtlesim/srv/teleport_absolute__type_support.cpp.o[0m
[69.763s] [35m[1mScanning dependencies of target turtlesim__rosidl_typesupport_introspection_cpp[0m
[69.806s] [ 25%] [32mBuilding CXX object CMakeFiles/turtlesim__rosidl_typesupport_introspection_cpp.dir/rosidl_typesupport_introspection_cpp/turtlesim/action/detail/rotate_absolute__type_support.cpp.o[0m
[70.109s] [35m[1mScanning dependencies of target turtlesim__rosidl_typesupport_fastrtps_cpp[0m
[70.115s] [ 26%] [32mBuilding CXX object CMakeFiles/turtlesim__rosidl_typesupport_introspection_cpp.dir/rosidl_typesupport_introspection_cpp/turtlesim/msg/detail/color__type_support.cpp.o[0m
[70.117s] [ 28%] [32mBuilding CXX object CMakeFiles/turtlesim__rosidl_typesupport_introspection_cpp.dir/rosidl_typesupport_introspection_cpp/turtlesim/msg/detail/pose__type_support.cpp.o[0m
[70.118s] [ 28%] [32mBuilding CXX object CMakeFiles/turtlesim__rosidl_typesupport_introspection_cpp.dir/rosidl_typesupport_introspection_cpp/turtlesim/srv/detail/set_pen__type_support.cpp.o[0m
[70.118s] [ 29%] [32mBuilding CXX object CMakeFiles/turtlesim__rosidl_typesupport_introspection_cpp.dir/rosidl_typesupport_introspection_cpp/turtlesim/srv/detail/kill__type_support.cpp.o[0m
[70.135s] [ 30%] [32mBuilding CXX object CMakeFiles/turtlesim__rosidl_typesupport_introspection_cpp.dir/rosidl_typesupport_introspection_cpp/turtlesim/srv/detail/spawn__type_support.cpp.o[0m
[70.152s] [ 31%] [32mBuilding CXX object CMakeFiles/turtlesim__rosidl_typesupport_introspection_cpp.dir/rosidl_typesupport_introspection_cpp/turtlesim/srv/detail/teleport_absolute__type_support.cpp.o[0m
[70.155s] [ 32%] [32mBuilding CXX object CMakeFiles/turtlesim__rosidl_typesupport_introspection_cpp.dir/rosidl_typesupport_introspection_cpp/turtlesim/srv/detail/teleport_relative__type_support.cpp.o[0m
[70.197s] [ 33%] [32mBuilding CXX object CMakeFiles/turtlesim__rosidl_typesupport_fastrtps_cpp.dir/rosidl_typesupport_fastrtps_cpp/turtlesim/action/detail/dds_fastrtps/rotate_absolute__type_support.cpp.o[0m
[70.210s] [ 34%] [32m[1mLinking CXX shared library libturtlesim__rosidl_typesupport_cpp.so[0m
[70.416s] [35m[1mScanning dependencies of target turtlesim__rosidl_typesupport_c[0m
[70.464s] [ 35%] [32mBuilding CXX object CMakeFiles/turtlesim__rosidl_typesupport_c.dir/rosidl_typesupport_c/turtlesim/action/rotate_absolute__type_support.cpp.o[0m
[70.543s] [ 35%] Built target turtlesim__rosidl_typesupport_cpp
[70.559s] [ 36%] [32mBuilding CXX object CMakeFiles/turtlesim__rosidl_typesupport_fastrtps_cpp.dir/rosidl_typesupport_fastrtps_cpp/turtlesim/msg/detail/dds_fastrtps/color__type_support.cpp.o[0m
[70.561s] [ 37%] [32mBuilding CXX object CMakeFiles/turtlesim__rosidl_typesupport_c.dir/rosidl_typesupport_c/turtlesim/msg/color__type_support.cpp.o[0m
[70.562s] [ 38%] [32mBuilding CXX object CMakeFiles/turtlesim__rosidl_typesupport_fastrtps_cpp.dir/rosidl_typesupport_fastrtps_cpp/turtlesim/msg/detail/dds_fastrtps/pose__type_support.cpp.o[0m
[70.614s] [ 39%] [32mBuilding CXX object CMakeFiles/turtlesim__rosidl_typesupport_c.dir/rosidl_typesupport_c/turtlesim/msg/pose__type_support.cpp.o[0m
[70.670s] [ 40%] [32mBuilding CXX object CMakeFiles/turtlesim__rosidl_typesupport_c.dir/rosidl_typesupport_c/turtlesim/srv/kill__type_support.cpp.o[0m
[70.728s] [ 41%] [32mBuilding CXX object CMakeFiles/turtlesim__rosidl_typesupport_c.dir/rosidl_typesupport_c/turtlesim/srv/set_pen__type_support.cpp.o[0m
[70.729s] [ 42%] [32mBuilding CXX object CMakeFiles/turtlesim__rosidl_typesupport_c.dir/rosidl_typesupport_c/turtlesim/srv/spawn__type_support.cpp.o[0m
[70.738s] [ 43%] [32mBuilding CXX object CMakeFiles/turtlesim__rosidl_typesupport_c.dir/rosidl_typesupport_c/turtlesim/srv/teleport_absolute__type_support.cpp.o[0m
[70.742s] [ 44%] [32mBuilding CXX object CMakeFiles/turtlesim__rosidl_typesupport_c.dir/rosidl_typesupport_c/turtlesim/srv/teleport_relative__type_support.cpp.o[0m
[70.782s] [ 45%] [32mBuilding CXX object CMakeFiles/turtlesim__rosidl_typesupport_fastrtps_cpp.dir/rosidl_typesupport_fastrtps_cpp/turtlesim/srv/detail/dds_fastrtps/kill__type_support.cpp.o[0m
[70.785s] [ 46%] [32mBuilding CXX object CMakeFiles/turtlesim__rosidl_typesupport_fastrtps_cpp.dir/rosidl_typesupport_fastrtps_cpp/turtlesim/srv/detail/dds_fastrtps/set_pen__type_support.cpp.o[0m
[70.791s] [ 47%] [32mBuilding CXX object CMakeFiles/turtlesim__rosidl_typesupport_fastrtps_cpp.dir/rosidl_typesupport_fastrtps_cpp/turtlesim/srv/detail/dds_fastrtps/spawn__type_support.cpp.o[0m
[70.793s] [ 48%] [32mBuilding CXX object CMakeFiles/turtlesim__rosidl_typesupport_fastrtps_cpp.dir/rosidl_typesupport_fastrtps_cpp/turtlesim/srv/detail/dds_fastrtps/teleport_absolute__type_support.cpp.o[0m
[70.801s] [ 49%] [32m[1mLinking CXX shared library libturtlesim__rosidl_typesupport_c.so[0m
[70.844s] [ 50%] [32m[1mLinking CXX shared library libturtlesim__rosidl_typesupport_introspection_cpp.so[0m
[70.845s] [ 51%] [32mBuilding CXX object CMakeFiles/turtlesim__rosidl_typesupport_fastrtps_cpp.dir/rosidl_typesupport_fastrtps_cpp/turtlesim/srv/detail/dds_fastrtps/teleport_relative__type_support.cpp.o[0m
[70.855s] [35m[1mScanning dependencies of target turtlesim__rosidl_typesupport_introspection_c[0m
[70.894s] [ 52%] [32mBuilding C object CMakeFiles/turtlesim__rosidl_typesupport_introspection_c.dir/rosidl_typesupport_introspection_c/turtlesim/msg/detail/color__type_support.c.o[0m
[70.895s] [ 53%] [32mBuilding C object CMakeFiles/turtlesim__rosidl_typesupport_introspection_c.dir/rosidl_typesupport_introspection_c/turtlesim/action/detail/rotate_absolute__type_support.c.o[0m
[70.961s] [ 54%] [32mBuilding C object CMakeFiles/turtlesim__rosidl_typesupport_introspection_c.dir/rosidl_typesupport_introspection_c/turtlesim/msg/detail/pose__type_support.c.o[0m
[71.007s] [ 55%] [32mBuilding C object CMakeFiles/turtlesim__rosidl_typesupport_introspection_c.dir/rosidl_typesupport_introspection_c/turtlesim/srv/detail/kill__type_support.c.o[0m
[71.053s] [ 56%] [32mBuilding C object CMakeFiles/turtlesim__rosidl_typesupport_introspection_c.dir/rosidl_typesupport_introspection_c/turtlesim/srv/detail/set_pen__type_support.c.o[0m
[71.100s] [ 57%] [32mBuilding C object CMakeFiles/turtlesim__rosidl_typesupport_introspection_c.dir/rosidl_typesupport_introspection_c/turtlesim/srv/detail/spawn__type_support.c.o[0m
[71.131s] [ 58%] [32mBuilding C object CMakeFiles/turtlesim__rosidl_typesupport_introspection_c.dir/rosidl_typesupport_introspection_c/turtlesim/srv/detail/teleport_absolute__type_support.c.o[0m
[71.175s] [ 59%] [32mBuilding C object CMakeFiles/turtlesim__rosidl_typesupport_introspection_c.dir/rosidl_typesupport_introspection_c/turtlesim/srv/detail/teleport_relative__type_support.c.o[0m
[71.197s] [ 59%] Built target turtlesim__rosidl_typesupport_c
[71.246s] [ 60%] [32m[1mLinking C shared library libturtlesim__rosidl_typesupport_introspection_c.so[0m
[71.309s] [ 60%] Built target turtlesim__rosidl_typesupport_introspection_cpp
[71.558s] [ 60%] Built target turtlesim__rosidl_typesupport_introspection_c
[71.729s] [ 61%] [32m[1mLinking CXX shared library libturtlesim__rosidl_typesupport_fastrtps_cpp.so[0m
[72.594s] [ 61%] Built target turtlesim__rosidl_typesupport_fastrtps_cpp
[72.616s] [ 62%] [34m[1mGenerating C type support for eProsima Fast-RTPS[0m
[73.650s] [35m[1mScanning dependencies of target turtlesim__rosidl_typesupport_fastrtps_c[0m
[73.726s] [ 63%] [32mBuilding CXX object CMakeFiles/turtlesim__rosidl_typesupport_fastrtps_c.dir/rosidl_typesupport_fastrtps_c/turtlesim/action/detail/rotate_absolute__type_support_c.cpp.o[0m
[73.730s] [ 64%] [32mBuilding CXX object CMakeFiles/turtlesim__rosidl_typesupport_fastrtps_c.dir/rosidl_typesupport_fastrtps_c/turtlesim/srv/detail/kill__type_support_c.cpp.o[0m
[73.730s] [ 65%] [32mBuilding CXX object CMakeFiles/turtlesim__rosidl_typesupport_fastrtps_c.dir/rosidl_typesupport_fastrtps_c/turtlesim/srv/detail/set_pen__type_support_c.cpp.o[0m
[73.732s] [ 66%] [32mBuilding CXX object CMakeFiles/turtlesim__rosidl_typesupport_fastrtps_c.dir/rosidl_typesupport_fastrtps_c/turtlesim/msg/detail/color__type_support_c.cpp.o[0m
[73.736s] [ 67%] [32mBuilding CXX object CMakeFiles/turtlesim__rosidl_typesupport_fastrtps_c.dir/rosidl_typesupport_fastrtps_c/turtlesim/srv/detail/teleport_absolute__type_support_c.cpp.o[0m
[73.737s] [ 68%] [32mBuilding CXX object CMakeFiles/turtlesim__rosidl_typesupport_fastrtps_c.dir/rosidl_typesupport_fastrtps_c/turtlesim/msg/detail/pose__type_support_c.cpp.o[0m
[73.738s] [ 69%] [32mBuilding CXX object CMakeFiles/turtlesim__rosidl_typesupport_fastrtps_c.dir/rosidl_typesupport_fastrtps_c/turtlesim/srv/detail/spawn__type_support_c.cpp.o[0m
[73.739s] [ 70%] [32mBuilding CXX object CMakeFiles/turtlesim__rosidl_typesupport_fastrtps_c.dir/rosidl_typesupport_fastrtps_c/turtlesim/srv/detail/teleport_relative__type_support_c.cpp.o[0m
[74.380s] [ 71%] [32m[1mLinking CXX shared library libturtlesim__rosidl_typesupport_fastrtps_c.so[0m
[75.266s] [ 71%] Built target turtlesim__rosidl_typesupport_fastrtps_c
[75.279s] [35m[1mScanning dependencies of target turtlesim[0m
[75.292s] [ 71%] Built target turtlesim
[75.305s] [ 72%] [34m[1mGenerating include/turtlesim/moc_turtle_frame.cpp[0m
[75.305s] [35m[1mScanning dependencies of target mimic[0m
[75.305s] [35m[1mScanning dependencies of target turtlesim__py[0m
[75.309s] [35m[1mScanning dependencies of target turtle_teleop_key[0m
[75.309s] [35m[1mScanning dependencies of target draw_square[0m
[75.321s] [ 73%] [34m[1mGenerating Python code for ROS interfaces[0m
[75.461s] [35m[1mScanning dependencies of target turtlesim_node[0m
[75.549s] [ 74%] [32mBuilding CXX object CMakeFiles/draw_square.dir/tutorials/draw_square.cpp.o[0m
[75.550s] [ 75%] [32mBuilding CXX object CMakeFiles/mimic.dir/tutorials/mimic.cpp.o[0m
[75.552s] [ 76%] [32mBuilding CXX object CMakeFiles/turtle_teleop_key.dir/tutorials/teleop_turtle_key.cpp.o[0m
[75.592s] [ 77%] [32mBuilding CXX object CMakeFiles/turtlesim_node.dir/src/turtlesim.cpp.o[0m
[75.593s] [ 78%] [32mBuilding CXX object CMakeFiles/turtlesim_node.dir/src/turtle.cpp.o[0m
[75.593s] [ 79%] [32mBuilding CXX object CMakeFiles/turtlesim_node.dir/include/turtlesim/moc_turtle_frame.cpp.o[0m
[75.593s] [ 80%] [32mBuilding CXX object CMakeFiles/turtlesim_node.dir/src/turtle_frame.cpp.o[0m
[78.854s] [ 80%] Built target turtlesim__py
[78.869s] [35m[1mScanning dependencies of target turtlesim__python[0m
[78.977s] [ 81%] [32mBuilding C object CMakeFiles/turtlesim__python.dir/rosidl_generator_py/turtlesim/action/_rotate_absolute_s.c.o[0m
[78.978s] [ 82%] [32mBuilding C object CMakeFiles/turtlesim__python.dir/rosidl_generator_py/turtlesim/msg/_color_s.c.o[0m
[78.981s] [ 84%] [32mBuilding C object CMakeFiles/turtlesim__python.dir/rosidl_generator_py/turtlesim/msg/_pose_s.c.o[0m
[78.982s] [ 84%] [32mBuilding C object CMakeFiles/turtlesim__python.dir/rosidl_generator_py/turtlesim/srv/_kill_s.c.o[0m
[78.985s] [ 85%] [32mBuilding C object CMakeFiles/turtlesim__python.dir/rosidl_generator_py/turtlesim/srv/_set_pen_s.c.o[0m
[79.205s] [ 86%] [32mBuilding C object CMakeFiles/turtlesim__python.dir/rosidl_generator_py/turtlesim/srv/_spawn_s.c.o[0m
[79.214s] [ 87%] [32mBuilding C object CMakeFiles/turtlesim__python.dir/rosidl_generator_py/turtlesim/srv/_teleport_absolute_s.c.o[0m
[79.225s] [ 88%] [32mBuilding C object CMakeFiles/turtlesim__python.dir/rosidl_generator_py/turtlesim/srv/_teleport_relative_s.c.o[0m
[79.439s] [ 89%] [32m[1mLinking C shared library rosidl_generator_py/turtlesim/libturtlesim__python.so[0m
[79.804s] [ 89%] Built target turtlesim__python
[79.826s] [35m[1mScanning dependencies of target turtlesim__rosidl_typesupport_c__pyext[0m
[79.827s] [35m[1mScanning dependencies of target turtlesim__rosidl_typesupport_introspection_c__pyext[0m
[79.828s] [35m[1mScanning dependencies of target turtlesim__rosidl_typesupport_fastrtps_c__pyext[0m
[79.872s] [ 90%] [32mBuilding C object CMakeFiles/turtlesim__rosidl_typesupport_introspection_c__pyext.dir/rosidl_generator_py/turtlesim/_turtlesim_s.ep.rosidl_typesupport_introspection_c.c.o[0m
[79.872s] [ 91%] [32mBuilding C object CMakeFiles/turtlesim__rosidl_typesupport_c__pyext.dir/rosidl_generator_py/turtlesim/_turtlesim_s.ep.rosidl_typesupport_c.c.o[0m
[79.889s] [ 92%] [32mBuilding C object CMakeFiles/turtlesim__rosidl_typesupport_fastrtps_c__pyext.dir/rosidl_generator_py/turtlesim/_turtlesim_s.ep.rosidl_typesupport_fastrtps_c.c.o[0m
[80.215s] [ 93%] [32m[1mLinking C shared library rosidl_generator_py/turtlesim/turtlesim_s__rosidl_typesupport_c.cpython-38-x86_64-linux-gnu.so[0m
[80.226s] [ 94%] [32m[1mLinking C shared library rosidl_generator_py/turtlesim/turtlesim_s__rosidl_typesupport_introspection_c.cpython-38-x86_64-linux-gnu.so[0m
[80.245s] [ 95%] [32m[1mLinking CXX shared library rosidl_generator_py/turtlesim/turtlesim_s__rosidl_typesupport_fastrtps_c.cpython-38-x86_64-linux-gnu.so[0m
[80.567s] [ 95%] Built target turtlesim__rosidl_typesupport_c__pyext
[80.571s] [ 95%] Built target turtlesim__rosidl_typesupport_introspection_c__pyext
[80.692s] [ 95%] Built target turtlesim__rosidl_typesupport_fastrtps_c__pyext
[83.639s] [ 96%] [32m[1mLinking CXX executable turtle_teleop_key[0m
[84.922s] [ 96%] Built target turtle_teleop_key
[86.035s] [ 97%] [32m[1mLinking CXX executable mimic[0m
[86.903s] [ 97%] Built target mimic
[87.343s] [ 98%] [32m[1mLinking CXX executable draw_square[0m
[88.415s] [ 98%] Built target draw_square
[92.176s] [100%] [32m[1mLinking CXX executable turtlesim_node[0m
[95.263s] [100%] Built target turtlesim_node
[95.290s] Invoked command in '/home/marko/comp3431_workspace/build/turtlesim' returned '0': CMAKE_PREFIX_PATH=/opt/ros/foxy /usr/bin/cmake --build /home/marko/comp3431_workspace/build/turtlesim -- -j12 -l12
[95.663s] Invoking command in '/home/marko/comp3431_workspace/build/turtlesim': CMAKE_PREFIX_PATH=/opt/ros/foxy /usr/bin/cmake --install /home/marko/comp3431_workspace/build/turtlesim
[95.682s] -- Install configuration: ""
[95.683s] -- Installing: /home/marko/comp3431_workspace/install/turtlesim/share/ament_index/resource_index/rosidl_interfaces/turtlesim
[95.683s] -- Installing: /home/marko/comp3431_workspace/install/turtlesim/include/turtlesim
[95.684s] -- Installing: /home/marko/comp3431_workspace/install/turtlesim/include/turtlesim/srv
[95.684s] -- Installing: /home/marko/comp3431_workspace/install/turtlesim/include/turtlesim/srv/kill.h
[95.685s] -- Installing: /home/marko/comp3431_workspace/install/turtlesim/include/turtlesim/srv/teleport_absolute.h
[95.686s] -- Installing: /home/marko/comp3431_workspace/install/turtlesim/include/turtlesim/srv/spawn.h
[95.686s] -- Installing: /home/marko/comp3431_workspace/install/turtlesim/include/turtlesim/srv/set_pen.h
[95.687s] -- Installing: /home/marko/comp3431_workspace/install/turtlesim/include/turtlesim/srv/detail
[95.687s] -- Installing: /home/marko/comp3431_workspace/install/turtlesim/include/turtlesim/srv/detail/teleport_absolute__functions.h
[95.688s] -- Installing: /home/marko/comp3431_workspace/install/turtlesim/include/turtlesim/srv/detail/spawn__type_support.h
[95.688s] -- Installing: /home/marko/comp3431_workspace/install/turtlesim/include/turtlesim/srv/detail/teleport_relative__type_support.h
[95.688s] -- Installing: /home/marko/comp3431_workspace/install/turtlesim/include/turtlesim/srv/detail/teleport_absolute__type_support.h
[95.688s] -- Installing: /home/marko/comp3431_workspace/install/turtlesim/include/turtlesim/srv/detail/set_pen__struct.h
[95.689s] -- Installing: /home/marko/comp3431_workspace/install/turtlesim/include/turtlesim/srv/detail/kill__struct.h
[95.689s] -- Installing: /home/marko/comp3431_workspace/install/turtlesim/include/turtlesim/srv/detail/teleport_relative__functions.h
[95.690s] -- Installing: /home/marko/comp3431_workspace/install/turtlesim/include/turtlesim/srv/detail/teleport_absolute__functions.c
[95.690s] -- Installing: /home/marko/comp3431_workspace/install/turtlesim/include/turtlesim/srv/detail/teleport_absolute__struct.h
[95.691s] -- Installing: /home/marko/comp3431_workspace/install/turtlesim/include/turtlesim/srv/detail/spawn__functions.c
[95.691s] -- Installing: /home/marko/comp3431_workspace/install/turtlesim/include/turtlesim/srv/detail/teleport_relative__functions.c
[95.691s] -- Installing: /home/marko/comp3431_workspace/install/turtlesim/include/turtlesim/srv/detail/spawn__struct.h
[95.692s] -- Installing: /home/marko/comp3431_workspace/install/turtlesim/include/turtlesim/srv/detail/teleport_relative__struct.h
[95.692s] -- Installing: /home/marko/comp3431_workspace/install/turtlesim/include/turtlesim/srv/detail/kill__functions.h
[95.692s] -- Installing: /home/marko/comp3431_workspace/install/turtlesim/include/turtlesim/srv/detail/kill__type_support.h
[95.693s] -- Installing: /home/marko/comp3431_workspace/install/turtlesim/include/turtlesim/srv/detail/set_pen__functions.c
[95.693s] -- Installing: /home/marko/comp3431_workspace/install/turtlesim/include/turtlesim/srv/detail/set_pen__type_support.h
[95.694s] -- Installing: /home/marko/comp3431_workspace/install/turtlesim/include/turtlesim/srv/detail/set_pen__functions.h
[95.694s] -- Installing: /home/marko/comp3431_workspace/install/turtlesim/include/turtlesim/srv/detail/spawn__functions.h
[95.694s] -- Installing: /home/marko/comp3431_workspace/install/turtlesim/include/turtlesim/srv/detail/kill__functions.c
[95.694s] -- Installing: /home/marko/comp3431_workspace/install/turtlesim/include/turtlesim/srv/teleport_relative.h
[95.695s] -- Installing: /home/marko/comp3431_workspace/install/turtlesim/include/turtlesim/msg
[95.695s] -- Installing: /home/marko/comp3431_workspace/install/turtlesim/include/turtlesim/msg/pose.h
[95.695s] -- Installing: /home/marko/comp3431_workspace/install/turtlesim/include/turtlesim/msg/color.h
[95.695s] -- Installing: /home/marko/comp3431_workspace/install/turtlesim/include/turtlesim/msg/rosidl_generator_c__visibility_control.h
[95.696s] -- Installing: /home/marko/comp3431_workspace/install/turtlesim/include/turtlesim/msg/detail
[95.696s] -- Installing: /home/marko/comp3431_workspace/install/turtlesim/include/turtlesim/msg/detail/pose__functions.h
[95.697s] -- Installing: /home/marko/comp3431_workspace/install/turtlesim/include/turtlesim/msg/detail/pose__struct.h
[95.697s] -- Installing: /home/marko/comp3431_workspace/install/turtlesim/include/turtlesim/msg/detail/color__struct.h
[95.698s] -- Installing: /home/marko/comp3431_workspace/install/turtlesim/include/turtlesim/msg/detail/pose__functions.c
[95.698s] -- Installing: /home/marko/comp3431_workspace/install/turtlesim/include/turtlesim/msg/detail/color__functions.h
[95.698s] -- Installing: /home/marko/comp3431_workspace/install/turtlesim/include/turtlesim/msg/detail/color__functions.c
[95.699s] -- Installing: /home/marko/comp3431_workspace/install/turtlesim/include/turtlesim/msg/detail/color__type_support.h
[95.699s] -- Installing: /home/marko/comp3431_workspace/install/turtlesim/include/turtlesim/msg/detail/pose__type_support.h
[95.700s] -- Installing: /home/marko/comp3431_workspace/install/turtlesim/include/turtlesim/action
[95.700s] -- Installing: /home/marko/comp3431_workspace/install/turtlesim/include/turtlesim/action/rotate_absolute.h
[95.700s] -- Installing: /home/marko/comp3431_workspace/install/turtlesim/include/turtlesim/action/detail
[95.701s] -- Installing: /home/marko/comp3431_workspace/install/turtlesim/include/turtlesim/action/detail/rotate_absolute__functions.c
[95.701s] -- Installing: /home/marko/comp3431_workspace/install/turtlesim/include/turtlesim/action/detail/rotate_absolute__type_support.h
[95.701s] -- Installing: /home/marko/comp3431_workspace/install/turtlesim/include/turtlesim/action/detail/rotate_absolute__functions.h
[95.702s] -- Installing: /home/marko/comp3431_workspace/install/turtlesim/include/turtlesim/action/detail/rotate_absolute__struct.h
[95.703s] -- Installing: /home/marko/comp3431_workspace/install/turtlesim/share/turtlesim/environment/library_path.sh
[95.703s] -- Installing: /home/marko/comp3431_workspace/install/turtlesim/share/turtlesim/environment/library_path.dsv
[95.703s] -- Installing: /home/marko/comp3431_workspace/install/turtlesim/lib/libturtlesim__rosidl_generator_c.so
[95.704s] -- Set runtime path of "/home/marko/comp3431_workspace/install/turtlesim/lib/libturtlesim__rosidl_generator_c.so" to ""
[95.704s] -- Up-to-date: /home/marko/comp3431_workspace/install/turtlesim/include/turtlesim
[95.704s] -- Up-to-date: /home/marko/comp3431_workspace/install/turtlesim/include/turtlesim/srv
[95.704s] -- Up-to-date: /home/marko/comp3431_workspace/install/turtlesim/include/turtlesim/srv/detail
[95.704s] -- Installing: /home/marko/comp3431_workspace/install/turtlesim/include/turtlesim/srv/detail/spawn__rosidl_typesupport_fastrtps_c.h
[95.705s] -- Installing: /home/marko/comp3431_workspace/install/turtlesim/include/turtlesim/srv/detail/teleport_relative__rosidl_typesupport_fastrtps_c.h
[95.705s] -- Installing: /home/marko/comp3431_workspace/install/turtlesim/include/turtlesim/srv/detail/kill__rosidl_typesupport_fastrtps_c.h
[95.705s] -- Installing: /home/marko/comp3431_workspace/install/turtlesim/include/turtlesim/srv/detail/teleport_absolute__rosidl_typesupport_fastrtps_c.h
[95.706s] -- Installing: /home/marko/comp3431_workspace/install/turtlesim/include/turtlesim/srv/detail/set_pen__rosidl_typesupport_fastrtps_c.h
[95.706s] -- Up-to-date: /home/marko/comp3431_workspace/install/turtlesim/include/turtlesim/msg
[95.706s] -- Installing: /home/marko/comp3431_workspace/install/turtlesim/include/turtlesim/msg/rosidl_typesupport_fastrtps_c__visibility_control.h
[95.707s] -- Up-to-date: /home/marko/comp3431_workspace/install/turtlesim/include/turtlesim/msg/detail
[95.707s] -- Installing: /home/marko/comp3431_workspace/install/turtlesim/include/turtlesim/msg/detail/color__rosidl_typesupport_fastrtps_c.h
[95.708s] -- Installing: /home/marko/comp3431_workspace/install/turtlesim/include/turtlesim/msg/detail/pose__rosidl_typesupport_fastrtps_c.h
[95.708s] -- Up-to-date: /home/marko/comp3431_workspace/install/turtlesim/include/turtlesim/action
[95.708s] -- Up-to-date: /home/marko/comp3431_workspace/install/turtlesim/include/turtlesim/action/detail
[95.709s] -- Installing: /home/marko/comp3431_workspace/install/turtlesim/include/turtlesim/action/detail/rotate_absolute__rosidl_typesupport_fastrtps_c.h
[95.709s] -- Installing: /home/marko/comp3431_workspace/install/turtlesim/lib/libturtlesim__rosidl_typesupport_fastrtps_c.so
[95.709s] -- Set runtime path of "/home/marko/comp3431_workspace/install/turtlesim/lib/libturtlesim__rosidl_typesupport_fastrtps_c.so" to ""
[95.710s] -- Up-to-date: /home/marko/comp3431_workspace/install/turtlesim/include/turtlesim
[95.710s] -- Up-to-date: /home/marko/comp3431_workspace/install/turtlesim/include/turtlesim/srv
[95.710s] -- Up-to-date: /home/marko/comp3431_workspace/install/turtlesim/include/turtlesim/srv/detail
[95.711s] -- Installing: /home/marko/comp3431_workspace/install/turtlesim/include/turtlesim/srv/detail/spawn__rosidl_typesupport_fastrtps_cpp.hpp
[95.711s] -- Installing: /home/marko/comp3431_workspace/install/turtlesim/include/turtlesim/srv/detail/teleport_relative__rosidl_typesupport_fastrtps_cpp.hpp
[95.711s] -- Installing: /home/marko/comp3431_workspace/install/turtlesim/include/turtlesim/srv/detail/teleport_absolute__rosidl_typesupport_fastrtps_cpp.hpp
[95.712s] -- Installing: /home/marko/comp3431_workspace/install/turtlesim/include/turtlesim/srv/detail/dds_fastrtps
[95.712s] -- Installing: /home/marko/comp3431_workspace/install/turtlesim/include/turtlesim/srv/detail/set_pen__rosidl_typesupport_fastrtps_cpp.hpp
[95.712s] -- Installing: /home/marko/comp3431_workspace/install/turtlesim/include/turtlesim/srv/detail/kill__rosidl_typesupport_fastrtps_cpp.hpp
[95.713s] -- Up-to-date: /home/marko/comp3431_workspace/install/turtlesim/include/turtlesim/msg
[95.713s] -- Installing: /home/marko/comp3431_workspace/install/turtlesim/include/turtlesim/msg/rosidl_typesupport_fastrtps_cpp__visibility_control.h
[95.713s] -- Up-to-date: /home/marko/comp3431_workspace/install/turtlesim/include/turtlesim/msg/detail
[95.713s] -- Installing: /home/marko/comp3431_workspace/install/turtlesim/include/turtlesim/msg/detail/pose__rosidl_typesupport_fastrtps_cpp.hpp
[95.714s] -- Installing: /home/marko/comp3431_workspace/install/turtlesim/include/turtlesim/msg/detail/dds_fastrtps
[95.714s] -- Installing: /home/marko/comp3431_workspace/install/turtlesim/include/turtlesim/msg/detail/color__rosidl_typesupport_fastrtps_cpp.hpp
[95.714s] -- Up-to-date: /home/marko/comp3431_workspace/install/turtlesim/include/turtlesim/action
[95.714s] -- Up-to-date: /home/marko/comp3431_workspace/install/turtlesim/include/turtlesim/action/detail
[95.715s] -- Installing: /home/marko/comp3431_workspace/install/turtlesim/include/turtlesim/action/detail/rotate_absolute__rosidl_typesupport_fastrtps_cpp.hpp
[95.715s] -- Installing: /home/marko/comp3431_workspace/install/turtlesim/include/turtlesim/action/detail/dds_fastrtps
[95.715s] -- Installing: /home/marko/comp3431_workspace/install/turtlesim/lib/libturtlesim__rosidl_typesupport_fastrtps_cpp.so
[95.716s] -- Set runtime path of "/home/marko/comp3431_workspace/install/turtlesim/lib/libturtlesim__rosidl_typesupport_fastrtps_cpp.so" to ""
[95.716s] -- Up-to-date: /home/marko/comp3431_workspace/install/turtlesim/include/turtlesim
[95.716s] -- Up-to-date: /home/marko/comp3431_workspace/install/turtlesim/include/turtlesim/srv
[95.716s] -- Up-to-date: /home/marko/comp3431_workspace/install/turtlesim/include/turtlesim/srv/detail
[95.717s] -- Installing: /home/marko/comp3431_workspace/install/turtlesim/include/turtlesim/srv/detail/set_pen__type_support.c
[95.717s] -- Installing: /home/marko/comp3431_workspace/install/turtlesim/include/turtlesim/srv/detail/kill__rosidl_typesupport_introspection_c.h
[95.717s] -- Installing: /home/marko/comp3431_workspace/install/turtlesim/include/turtlesim/srv/detail/teleport_absolute__rosidl_typesupport_introspection_c.h
[95.718s] -- Installing: /home/marko/comp3431_workspace/install/turtlesim/include/turtlesim/srv/detail/spawn__type_support.c
[95.719s] -- Installing: /home/marko/comp3431_workspace/install/turtlesim/include/turtlesim/srv/detail/set_pen__rosidl_typesupport_introspection_c.h
[95.719s] -- Installing: /home/marko/comp3431_workspace/install/turtlesim/include/turtlesim/srv/detail/teleport_absolute__type_support.c
[95.719s] -- Installing: /home/marko/comp3431_workspace/install/turtlesim/include/turtlesim/srv/detail/teleport_relative__type_support.c
[95.719s] -- Installing: /home/marko/comp3431_workspace/install/turtlesim/include/turtlesim/srv/detail/spawn__rosidl_typesupport_introspection_c.h
[95.719s] -- Installing: /home/marko/comp3431_workspace/install/turtlesim/include/turtlesim/srv/detail/teleport_relative__rosidl_typesupport_introspection_c.h
[95.720s] -- Installing: /home/marko/comp3431_workspace/install/turtlesim/include/turtlesim/srv/detail/kill__type_support.c
[95.720s] -- Up-to-date: /home/marko/comp3431_workspace/install/turtlesim/include/turtlesim/msg
[95.720s] -- Installing: /home/marko/comp3431_workspace/install/turtlesim/include/turtlesim/msg/rosidl_typesupport_introspection_c__visibility_control.h
[95.721s] -- Up-to-date: /home/marko/comp3431_workspace/install/turtlesim/include/turtlesim/msg/detail
[95.721s] -- Installing: /home/marko/comp3431_workspace/install/turtlesim/include/turtlesim/msg/detail/color__type_support.c
[95.721s] -- Installing: /home/marko/comp3431_workspace/install/turtlesim/include/turtlesim/msg/detail/pose__rosidl_typesupport_introspection_c.h
[95.722s] -- Installing: /home/marko/comp3431_workspace/install/turtlesim/include/turtlesim/msg/detail/color__rosidl_typesupport_introspection_c.h
[95.722s] -- Installing: /home/marko/comp3431_workspace/install/turtlesim/include/turtlesim/msg/detail/pose__type_support.c
[95.722s] -- Up-to-date: /home/marko/comp3431_workspace/install/turtlesim/include/turtlesim/action
[95.722s] -- Up-to-date: /home/marko/comp3431_workspace/install/turtlesim/include/turtlesim/action/detail
[95.722s] -- Installing: /home/marko/comp3431_workspace/install/turtlesim/include/turtlesim/action/detail/rotate_absolute__type_support.c
[95.723s] -- Installing: /home/marko/comp3431_workspace/install/turtlesim/include/turtlesim/action/detail/rotate_absolute__rosidl_typesupport_introspection_c.h
[95.723s] -- Installing: /home/marko/comp3431_workspace/install/turtlesim/lib/libturtlesim__rosidl_typesupport_introspection_c.so
[95.723s] -- Set runtime path of "/home/marko/comp3431_workspace/install/turtlesim/lib/libturtlesim__rosidl_typesupport_introspection_c.so" to ""
[95.723s] -- Installing: /home/marko/comp3431_workspace/install/turtlesim/lib/libturtlesim__rosidl_typesupport_c.so
[95.723s] -- Set runtime path of "/home/marko/comp3431_workspace/install/turtlesim/lib/libturtlesim__rosidl_typesupport_c.so" to ""
[95.723s] -- Up-to-date: /home/marko/comp3431_workspace/install/turtlesim/include/turtlesim
[95.723s] -- Up-to-date: /home/marko/comp3431_workspace/install/turtlesim/include/turtlesim/srv
[95.723s] -- Installing: /home/marko/comp3431_workspace/install/turtlesim/include/turtlesim/srv/teleport_relative.hpp
[95.723s] -- Installing: /home/marko/comp3431_workspace/install/turtlesim/include/turtlesim/srv/set_pen.hpp
[95.723s] -- Installing: /home/marko/comp3431_workspace/install/turtlesim/include/turtlesim/srv/teleport_absolute.hpp
[95.724s] -- Installing: /home/marko/comp3431_workspace/install/turtlesim/include/turtlesim/srv/spawn.hpp
[95.724s] -- Installing: /home/marko/comp3431_workspace/install/turtlesim/include/turtlesim/srv/kill.hpp
[95.724s] -- Up-to-date: /home/marko/comp3431_workspace/install/turtlesim/include/turtlesim/srv/detail
[95.724s] -- Installing: /home/marko/comp3431_workspace/install/turtlesim/include/turtlesim/srv/detail/teleport_relative__type_support.hpp
[95.724s] -- Installing: /home/marko/comp3431_workspace/install/turtlesim/include/turtlesim/srv/detail/spawn__traits.hpp
[95.724s] -- Installing: /home/marko/comp3431_workspace/install/turtlesim/include/turtlesim/srv/detail/spawn__builder.hpp
[95.724s] -- Installing: /home/marko/comp3431_workspace/install/turtlesim/include/turtlesim/srv/detail/teleport_relative__struct.hpp
[95.724s] -- Installing: /home/marko/comp3431_workspace/install/turtlesim/include/turtlesim/srv/detail/kill__struct.hpp
[95.724s] -- Installing: /home/marko/comp3431_workspace/install/turtlesim/include/turtlesim/srv/detail/set_pen__type_support.hpp
[95.724s] -- Installing: /home/marko/comp3431_workspace/install/turtlesim/include/turtlesim/srv/detail/teleport_absolute__builder.hpp
[95.724s] -- Installing: /home/marko/comp3431_workspace/install/turtlesim/include/turtlesim/srv/detail/kill__type_support.hpp
[95.724s] -- Installing: /home/marko/comp3431_workspace/install/turtlesim/include/turtlesim/srv/detail/teleport_absolute__traits.hpp
[95.724s] -- Installing: /home/marko/comp3431_workspace/install/turtlesim/include/turtlesim/srv/detail/set_pen__struct.hpp
[95.725s] -- Installing: /home/marko/comp3431_workspace/install/turtlesim/include/turtlesim/srv/detail/kill__traits.hpp
[95.725s] -- Installing: /home/marko/comp3431_workspace/install/turtlesim/include/turtlesim/srv/detail/kill__builder.hpp
[95.725s] -- Installing: /home/marko/comp3431_workspace/install/turtlesim/include/turtlesim/srv/detail/spawn__struct.hpp
[95.725s] -- Installing: /home/marko/comp3431_workspace/install/turtlesim/include/turtlesim/srv/detail/set_pen__traits.hpp
[95.725s] -- Installing: /home/marko/comp3431_workspace/install/turtlesim/include/turtlesim/srv/detail/teleport_relative__traits.hpp
[95.725s] -- Installing: /home/marko/comp3431_workspace/install/turtlesim/include/turtlesim/srv/detail/spawn__type_support.hpp
[95.725s] -- Installing: /home/marko/comp3431_workspace/install/turtlesim/include/turtlesim/srv/detail/teleport_absolute__type_support.hpp
[95.725s] -- Installing: /home/marko/comp3431_workspace/install/turtlesim/include/turtlesim/srv/detail/teleport_relative__builder.hpp
[95.725s] -- Installing: /home/marko/comp3431_workspace/install/turtlesim/include/turtlesim/srv/detail/teleport_absolute__struct.hpp
[95.725s] -- Installing: /home/marko/comp3431_workspace/install/turtlesim/include/turtlesim/srv/detail/set_pen__builder.hpp
[95.725s] -- Up-to-date: /home/marko/comp3431_workspace/install/turtlesim/include/turtlesim/msg
[95.725s] -- Installing: /home/marko/comp3431_workspace/install/turtlesim/include/turtlesim/msg/pose.hpp
[95.725s] -- Installing: /home/marko/comp3431_workspace/install/turtlesim/include/turtlesim/msg/rosidl_generator_cpp__visibility_control.hpp
[95.726s] -- Up-to-date: /home/marko/comp3431_workspace/install/turtlesim/include/turtlesim/msg/detail
[95.726s] -- Installing: /home/marko/comp3431_workspace/install/turtlesim/include/turtlesim/msg/detail/pose__type_support.hpp
[95.726s] -- Installing: /home/marko/comp3431_workspace/install/turtlesim/include/turtlesim/msg/detail/pose__traits.hpp
[95.726s] -- Installing: /home/marko/comp3431_workspace/install/turtlesim/include/turtlesim/msg/detail/pose__builder.hpp
[95.726s] -- Installing: /home/marko/comp3431_workspace/install/turtlesim/include/turtlesim/msg/detail/color__struct.hpp
[95.726s] -- Installing: /home/marko/comp3431_workspace/install/turtlesim/include/turtlesim/msg/detail/color__type_support.hpp
[95.726s] -- Installing: /home/marko/comp3431_workspace/install/turtlesim/include/turtlesim/msg/detail/color__traits.hpp
[95.726s] -- Installing: /home/marko/comp3431_workspace/install/turtlesim/include/turtlesim/msg/detail/pose__struct.hpp
[95.726s] -- Installing: /home/marko/comp3431_workspace/install/turtlesim/include/turtlesim/msg/detail/color__builder.hpp
[95.726s] -- Installing: /home/marko/comp3431_workspace/install/turtlesim/include/turtlesim/msg/color.hpp
[95.726s] -- Up-to-date: /home/marko/comp3431_workspace/install/turtlesim/include/turtlesim/action
[95.726s] -- Installing: /home/marko/comp3431_workspace/install/turtlesim/include/turtlesim/action/rotate_absolute.hpp
[95.726s] -- Up-to-date: /home/marko/comp3431_workspace/install/turtlesim/include/turtlesim/action/detail
[95.727s] -- Installing: /home/marko/comp3431_workspace/install/turtlesim/include/turtlesim/action/detail/rotate_absolute__traits.hpp
[95.727s] -- Installing: /home/marko/comp3431_workspace/install/turtlesim/include/turtlesim/action/detail/rotate_absolute__struct.hpp
[95.727s] -- Installing: /home/marko/comp3431_workspace/install/turtlesim/include/turtlesim/action/detail/rotate_absolute__type_support.hpp
[95.727s] -- Installing: /home/marko/comp3431_workspace/install/turtlesim/include/turtlesim/action/detail/rotate_absolute__builder.hpp
[95.727s] -- Up-to-date: /home/marko/comp3431_workspace/install/turtlesim/include/turtlesim
[95.727s] -- Up-to-date: /home/marko/comp3431_workspace/install/turtlesim/include/turtlesim/srv
[95.727s] -- Up-to-date: /home/marko/comp3431_workspace/install/turtlesim/include/turtlesim/srv/detail
[95.727s] -- Installing: /home/marko/comp3431_workspace/install/turtlesim/include/turtlesim/srv/detail/kill__type_support.cpp
[95.727s] -- Installing: /home/marko/comp3431_workspace/install/turtlesim/include/turtlesim/srv/detail/set_pen__type_support.cpp
[95.727s] -- Installing: /home/marko/comp3431_workspace/install/turtlesim/include/turtlesim/srv/detail/spawn__type_support.cpp
[95.727s] -- Installing: /home/marko/comp3431_workspace/install/turtlesim/include/turtlesim/srv/detail/teleport_relative__type_support.cpp
[95.728s] -- Installing: /home/marko/comp3431_workspace/install/turtlesim/include/turtlesim/srv/detail/teleport_absolute__type_support.cpp
[95.728s] -- Installing: /home/marko/comp3431_workspace/install/turtlesim/include/turtlesim/srv/detail/teleport_absolute__rosidl_typesupport_introspection_cpp.hpp
[95.728s] -- Installing: /home/marko/comp3431_workspace/install/turtlesim/include/turtlesim/srv/detail/set_pen__rosidl_typesupport_introspection_cpp.hpp
[95.728s] -- Installing: /home/marko/comp3431_workspace/install/turtlesim/include/turtlesim/srv/detail/kill__rosidl_typesupport_introspection_cpp.hpp
[95.728s] -- Installing: /home/marko/comp3431_workspace/install/turtlesim/include/turtlesim/srv/detail/spawn__rosidl_typesupport_introspection_cpp.hpp
[95.728s] -- Installing: /home/marko/comp3431_workspace/install/turtlesim/include/turtlesim/srv/detail/teleport_relative__rosidl_typesupport_introspection_cpp.hpp
[95.728s] -- Up-to-date: /home/marko/comp3431_workspace/install/turtlesim/include/turtlesim/msg
[95.728s] -- Up-to-date: /home/marko/comp3431_workspace/install/turtlesim/include/turtlesim/msg/detail
[95.728s] -- Installing: /home/marko/comp3431_workspace/install/turtlesim/include/turtlesim/msg/detail/color__rosidl_typesupport_introspection_cpp.hpp
[95.728s] -- Installing: /home/marko/comp3431_workspace/install/turtlesim/include/turtlesim/msg/detail/pose__rosidl_typesupport_introspection_cpp.hpp
[95.728s] -- Installing: /home/marko/comp3431_workspace/install/turtlesim/include/turtlesim/msg/detail/color__type_support.cpp
[95.728s] -- Installing: /home/marko/comp3431_workspace/install/turtlesim/include/turtlesim/msg/detail/pose__type_support.cpp
[95.729s] -- Up-to-date: /home/marko/comp3431_workspace/install/turtlesim/include/turtlesim/action
[95.729s] -- Up-to-date: /home/marko/comp3431_workspace/install/turtlesim/include/turtlesim/action/detail
[95.729s] -- Installing: /home/marko/comp3431_workspace/install/turtlesim/include/turtlesim/action/detail/rotate_absolute__rosidl_typesupport_introspection_cpp.hpp
[95.729s] -- Installing: /home/marko/comp3431_workspace/install/turtlesim/include/turtlesim/action/detail/rotate_absolute__type_support.cpp
[95.729s] -- Installing: /home/marko/comp3431_workspace/install/turtlesim/lib/libturtlesim__rosidl_typesupport_introspection_cpp.so
[95.729s] -- Set runtime path of "/home/marko/comp3431_workspace/install/turtlesim/lib/libturtlesim__rosidl_typesupport_introspection_cpp.so" to ""
[95.729s] -- Installing: /home/marko/comp3431_workspace/install/turtlesim/lib/libturtlesim__rosidl_typesupport_cpp.so
[95.729s] -- Set runtime path of "/home/marko/comp3431_workspace/install/turtlesim/lib/libturtlesim__rosidl_typesupport_cpp.so" to ""
[95.729s] -- Installing: /home/marko/comp3431_workspace/install/turtlesim/share/turtlesim/environment/pythonpath.sh
[95.729s] -- Installing: /home/marko/comp3431_workspace/install/turtlesim/share/turtlesim/environment/pythonpath.dsv
[95.729s] -- Installing: /home/marko/comp3431_workspace/install/turtlesim/lib/python3.8/site-packages/turtlesim/__init__.py
[95.779s] Compiling '/home/marko/comp3431_workspace/install/turtlesim/lib/python3.8/site-packages/turtlesim/__init__.py'...
[95.786s] -- Installing: /home/marko/comp3431_workspace/install/turtlesim/lib/python3.8/site-packages/turtlesim/action
[95.787s] -- Installing: /home/marko/comp3431_workspace/install/turtlesim/lib/python3.8/site-packages/turtlesim/action/_rotate_absolute.py
[95.787s] -- Installing: /home/marko/comp3431_workspace/install/turtlesim/lib/python3.8/site-packages/turtlesim/action/_rotate_absolute_s.c
[95.788s] -- Installing: /home/marko/comp3431_workspace/install/turtlesim/lib/python3.8/site-packages/turtlesim/action/__init__.py
[95.788s] -- Installing: /home/marko/comp3431_workspace/install/turtlesim/lib/python3.8/site-packages/turtlesim/msg
[95.788s] -- Installing: /home/marko/comp3431_workspace/install/turtlesim/lib/python3.8/site-packages/turtlesim/msg/_pose_s.c
[95.789s] -- Installing: /home/marko/comp3431_workspace/install/turtlesim/lib/python3.8/site-packages/turtlesim/msg/_color.py
[95.789s] -- Installing: /home/marko/comp3431_workspace/install/turtlesim/lib/python3.8/site-packages/turtlesim/msg/_pose.py
[95.789s] -- Installing: /home/marko/comp3431_workspace/install/turtlesim/lib/python3.8/site-packages/turtlesim/msg/_color_s.c
[95.790s] -- Installing: /home/marko/comp3431_workspace/install/turtlesim/lib/python3.8/site-packages/turtlesim/msg/__init__.py
[95.790s] -- Installing: /home/marko/comp3431_workspace/install/turtlesim/lib/python3.8/site-packages/turtlesim/srv
[95.791s] -- Installing: /home/marko/comp3431_workspace/install/turtlesim/lib/python3.8/site-packages/turtlesim/srv/_spawn.py
[95.791s] -- Installing: /home/marko/comp3431_workspace/install/turtlesim/lib/python3.8/site-packages/turtlesim/srv/_spawn_s.c
[95.791s] -- Installing: /home/marko/comp3431_workspace/install/turtlesim/lib/python3.8/site-packages/turtlesim/srv/_teleport_absolute_s.c
[95.791s] -- Installing: /home/marko/comp3431_workspace/install/turtlesim/lib/python3.8/site-packages/turtlesim/srv/_set_pen_s.c
[95.792s] -- Installing: /home/marko/comp3431_workspace/install/turtlesim/lib/python3.8/site-packages/turtlesim/srv/_teleport_relative.py
[95.792s] -- Installing: /home/marko/comp3431_workspace/install/turtlesim/lib/python3.8/site-packages/turtlesim/srv/_teleport_relative_s.c
[95.792s] -- Installing: /home/marko/comp3431_workspace/install/turtlesim/lib/python3.8/site-packages/turtlesim/srv/_kill_s.c
[95.793s] -- Installing: /home/marko/comp3431_workspace/install/turtlesim/lib/python3.8/site-packages/turtlesim/srv/_kill.py
[95.793s] -- Installing: /home/marko/comp3431_workspace/install/turtlesim/lib/python3.8/site-packages/turtlesim/srv/_set_pen.py
[95.793s] -- Installing: /home/marko/comp3431_workspace/install/turtlesim/lib/python3.8/site-packages/turtlesim/srv/_teleport_absolute.py
[95.793s] -- Installing: /home/marko/comp3431_workspace/install/turtlesim/lib/python3.8/site-packages/turtlesim/srv/__init__.py
[95.794s] -- Installing: /home/marko/comp3431_workspace/install/turtlesim/lib/python3.8/site-packages/turtlesim/turtlesim_s__rosidl_typesupport_fastrtps_c.cpython-38-x86_64-linux-gnu.so
[95.794s] -- Set runtime path of "/home/marko/comp3431_workspace/install/turtlesim/lib/python3.8/site-packages/turtlesim/turtlesim_s__rosidl_typesupport_fastrtps_c.cpython-38-x86_64-linux-gnu.so" to ""
[95.794s] -- Installing: /home/marko/comp3431_workspace/install/turtlesim/lib/python3.8/site-packages/turtlesim/turtlesim_s__rosidl_typesupport_introspection_c.cpython-38-x86_64-linux-gnu.so
[95.795s] -- Set runtime path of "/home/marko/comp3431_workspace/install/turtlesim/lib/python3.8/site-packages/turtlesim/turtlesim_s__rosidl_typesupport_introspection_c.cpython-38-x86_64-linux-gnu.so" to ""
[95.795s] -- Installing: /home/marko/comp3431_workspace/install/turtlesim/lib/python3.8/site-packages/turtlesim/turtlesim_s__rosidl_typesupport_c.cpython-38-x86_64-linux-gnu.so
[95.796s] -- Set runtime path of "/home/marko/comp3431_workspace/install/turtlesim/lib/python3.8/site-packages/turtlesim/turtlesim_s__rosidl_typesupport_c.cpython-38-x86_64-linux-gnu.so" to ""
[95.796s] -- Installing: /home/marko/comp3431_workspace/install/turtlesim/lib/libturtlesim__python.so
[95.796s] -- Set runtime path of "/home/marko/comp3431_workspace/install/turtlesim/lib/libturtlesim__python.so" to ""
[95.797s] -- Installing: /home/marko/comp3431_workspace/install/turtlesim/share/turtlesim/action/RotateAbsolute.idl
[95.798s] -- Installing: /home/marko/comp3431_workspace/install/turtlesim/share/turtlesim/msg/Color.idl
[95.798s] -- Installing: /home/marko/comp3431_workspace/install/turtlesim/share/turtlesim/msg/Pose.idl
[95.799s] -- Installing: /home/marko/comp3431_workspace/install/turtlesim/share/turtlesim/srv/Kill.idl
[95.799s] -- Installing: /home/marko/comp3431_workspace/install/turtlesim/share/turtlesim/srv/SetPen.idl
[95.800s] -- Installing: /home/marko/comp3431_workspace/install/turtlesim/share/turtlesim/srv/Spawn.idl
[95.800s] -- Installing: /home/marko/comp3431_workspace/install/turtlesim/share/turtlesim/srv/TeleportAbsolute.idl
[95.801s] -- Installing: /home/marko/comp3431_workspace/install/turtlesim/share/turtlesim/srv/TeleportRelative.idl
[95.802s] -- Installing: /home/marko/comp3431_workspace/install/turtlesim/share/turtlesim/action/RotateAbsolute.action
[95.802s] -- Installing: /home/marko/comp3431_workspace/install/turtlesim/share/turtlesim/msg/Color.msg
[95.803s] -- Installing: /home/marko/comp3431_workspace/install/turtlesim/share/turtlesim/msg/Pose.msg
[95.803s] -- Installing: /home/marko/comp3431_workspace/install/turtlesim/share/turtlesim/srv/Kill.srv
[95.804s] -- Installing: /home/marko/comp3431_workspace/install/turtlesim/share/turtlesim/srv/Kill_Request.msg
[95.804s] -- Installing: /home/marko/comp3431_workspace/install/turtlesim/share/turtlesim/srv/Kill_Response.msg
[95.804s] -- Installing: /home/marko/comp3431_workspace/install/turtlesim/share/turtlesim/srv/SetPen.srv
[95.805s] -- Installing: /home/marko/comp3431_workspace/install/turtlesim/share/turtlesim/srv/SetPen_Request.msg
[95.805s] -- Installing: /home/marko/comp3431_workspace/install/turtlesim/share/turtlesim/srv/SetPen_Response.msg
[95.805s] -- Installing: /home/marko/comp3431_workspace/install/turtlesim/share/turtlesim/srv/Spawn.srv
[95.806s] -- Installing: /home/marko/comp3431_workspace/install/turtlesim/share/turtlesim/srv/Spawn_Request.msg
[95.806s] -- Installing: /home/marko/comp3431_workspace/install/turtlesim/share/turtlesim/srv/Spawn_Response.msg
[95.806s] -- Installing: /home/marko/comp3431_workspace/install/turtlesim/share/turtlesim/srv/TeleportAbsolute.srv
[95.806s] -- Installing: /home/marko/comp3431_workspace/install/turtlesim/share/turtlesim/srv/TeleportAbsolute_Request.msg
[95.806s] -- Installing: /home/marko/comp3431_workspace/install/turtlesim/share/turtlesim/srv/TeleportAbsolute_Response.msg
[95.806s] -- Installing: /home/marko/comp3431_workspace/install/turtlesim/share/turtlesim/srv/TeleportRelative.srv
[95.806s] -- Installing: /home/marko/comp3431_workspace/install/turtlesim/share/turtlesim/srv/TeleportRelative_Request.msg
[95.807s] -- Installing: /home/marko/comp3431_workspace/install/turtlesim/share/turtlesim/srv/TeleportRelative_Response.msg
[95.807s] -- Installing: /home/marko/comp3431_workspace/install/turtlesim/lib/turtlesim/turtlesim_node
[95.812s] -- Set runtime path of "/home/marko/comp3431_workspace/install/turtlesim/lib/turtlesim/turtlesim_node" to ""
[95.812s] -- Installing: /home/marko/comp3431_workspace/install/turtlesim/lib/turtlesim/turtle_teleop_key
[95.815s] -- Set runtime path of "/home/marko/comp3431_workspace/install/turtlesim/lib/turtlesim/turtle_teleop_key" to ""
[95.815s] -- Installing: /home/marko/comp3431_workspace/install/turtlesim/lib/turtlesim/draw_square
[95.819s] -- Set runtime path of "/home/marko/comp3431_workspace/install/turtlesim/lib/turtlesim/draw_square" to ""
[95.819s] -- Installing: /home/marko/comp3431_workspace/install/turtlesim/lib/turtlesim/mimic
[95.822s] -- Set runtime path of "/home/marko/comp3431_workspace/install/turtlesim/lib/turtlesim/mimic" to ""
[95.822s] -- Installing: /home/marko/comp3431_workspace/install/turtlesim/share/turtlesim/images
[95.823s] -- Installing: /home/marko/comp3431_workspace/install/turtlesim/share/turtlesim/images/bouncy.png
[95.823s] -- Installing: /home/marko/comp3431_workspace/install/turtlesim/share/turtlesim/images/dashing.png
[95.824s] -- Installing: /home/marko/comp3431_workspace/install/turtlesim/share/turtlesim/images/ardent.png
[95.824s] -- Installing: /home/marko/comp3431_workspace/install/turtlesim/share/turtlesim/images/foxy.png
[95.824s] -- Installing: /home/marko/comp3431_workspace/install/turtlesim/share/turtlesim/images/crystal.png
[95.824s] -- Installing: /home/marko/comp3431_workspace/install/turtlesim/share/turtlesim/images/eloquent.png
[95.825s] -- Installing: /home/marko/comp3431_workspace/install/turtlesim/share/turtlesim/launch
[95.825s] -- Installing: /home/marko/comp3431_workspace/install/turtlesim/share/turtlesim/launch/multisim.launch.py
[95.825s] -- Installing: /home/marko/comp3431_workspace/install/turtlesim/share/ament_index/resource_index/package_run_dependencies/turtlesim
[95.825s] -- Installing: /home/marko/comp3431_workspace/install/turtlesim/share/ament_index/resource_index/parent_prefix_path/turtlesim
[95.826s] -- Installing: /home/marko/comp3431_workspace/install/turtlesim/share/turtlesim/environment/ament_prefix_path.sh
[95.826s] -- Installing: /home/marko/comp3431_workspace/install/turtlesim/share/turtlesim/environment/ament_prefix_path.dsv
[95.827s] -- Installing: /home/marko/comp3431_workspace/install/turtlesim/share/turtlesim/environment/path.sh
[95.827s] -- Installing: /home/marko/comp3431_workspace/install/turtlesim/share/turtlesim/environment/path.dsv
[95.828s] -- Installing: /home/marko/comp3431_workspace/install/turtlesim/share/turtlesim/local_setup.bash
[95.828s] -- Installing: /home/marko/comp3431_workspace/install/turtlesim/share/turtlesim/local_setup.sh
[95.829s] -- Installing: /home/marko/comp3431_workspace/install/turtlesim/share/turtlesim/local_setup.zsh
[95.829s] -- Installing: /home/marko/comp3431_workspace/install/turtlesim/share/turtlesim/local_setup.dsv
[95.829s] -- Installing: /home/marko/comp3431_workspace/install/turtlesim/share/turtlesim/package.dsv
[95.830s] -- Installing: /home/marko/comp3431_workspace/install/turtlesim/share/ament_index/resource_index/packages/turtlesim
[95.830s] -- Installing: /home/marko/comp3431_workspace/install/turtlesim/share/turtlesim/cmake/turtlesim__rosidl_generator_cExport.cmake
[95.830s] -- Installing: /home/marko/comp3431_workspace/install/turtlesim/share/turtlesim/cmake/turtlesim__rosidl_generator_cExport-noconfig.cmake
[95.831s] -- Installing: /home/marko/comp3431_workspace/install/turtlesim/share/turtlesim/cmake/turtlesim__rosidl_typesupport_introspection_cExport.cmake
[95.831s] -- Installing: /home/marko/comp3431_workspace/install/turtlesim/share/turtlesim/cmake/turtlesim__rosidl_typesupport_introspection_cExport-noconfig.cmake
[95.832s] -- Installing: /home/marko/comp3431_workspace/install/turtlesim/share/turtlesim/cmake/turtlesim__rosidl_typesupport_cExport.cmake
[95.832s] -- Installing: /home/marko/comp3431_workspace/install/turtlesim/share/turtlesim/cmake/turtlesim__rosidl_typesupport_cExport-noconfig.cmake
[95.833s] -- Installing: /home/marko/comp3431_workspace/install/turtlesim/share/turtlesim/cmake/turtlesim__rosidl_generator_cppExport.cmake
[95.834s] -- Installing: /home/marko/comp3431_workspace/install/turtlesim/share/turtlesim/cmake/turtlesim__rosidl_typesupport_introspection_cppExport.cmake
[95.834s] -- Installing: /home/marko/comp3431_workspace/install/turtlesim/share/turtlesim/cmake/turtlesim__rosidl_typesupport_introspection_cppExport-noconfig.cmake
[95.835s] -- Installing: /home/marko/comp3431_workspace/install/turtlesim/share/turtlesim/cmake/turtlesim__rosidl_typesupport_cppExport.cmake
[95.836s] -- Installing: /home/marko/comp3431_workspace/install/turtlesim/share/turtlesim/cmake/turtlesim__rosidl_typesupport_cppExport-noconfig.cmake
[95.836s] -- Installing: /home/marko/comp3431_workspace/install/turtlesim/share/turtlesim/cmake/rosidl_cmake-extras.cmake
[95.837s] -- Installing: /home/marko/comp3431_workspace/install/turtlesim/share/turtlesim/cmake/ament_cmake_export_dependencies-extras.cmake
[95.837s] -- Installing: /home/marko/comp3431_workspace/install/turtlesim/share/turtlesim/cmake/ament_cmake_export_libraries-extras.cmake
[95.838s] -- Installing: /home/marko/comp3431_workspace/install/turtlesim/share/turtlesim/cmake/ament_cmake_export_targets-extras.cmake
[95.838s] -- Installing: /home/marko/comp3431_workspace/install/turtlesim/share/turtlesim/cmake/ament_cmake_export_include_directories-extras.cmake
[95.838s] -- Installing: /home/marko/comp3431_workspace/install/turtlesim/share/turtlesim/cmake/rosidl_cmake_export_typesupport_libraries-extras.cmake
[95.839s] -- Installing: /home/marko/comp3431_workspace/install/turtlesim/share/turtlesim/cmake/rosidl_cmake_export_typesupport_targets-extras.cmake
[95.839s] -- Installing: /home/marko/comp3431_workspace/install/turtlesim/share/turtlesim/cmake/turtlesimConfig.cmake
[95.839s] -- Installing: /home/marko/comp3431_workspace/install/turtlesim/share/turtlesim/cmake/turtlesimConfig-version.cmake
[95.839s] -- Installing: /home/marko/comp3431_workspace/install/turtlesim/share/turtlesim/package.xml
[95.843s] Invoked command in '/home/marko/comp3431_workspace/build/turtlesim' returned '0': CMAKE_PREFIX_PATH=/opt/ros/foxy /usr/bin/cmake --install /home/marko/comp3431_workspace/build/turtlesim
