[0.038s] Invoking command in '/home/marko/comp3431_workspace/build/wall_follower': CMAKE_PREFIX_PATH=/opt/ros/foxy /usr/bin/cmake /home/marko/comp3431_workspace/src/wall_follower/wall_follower -DCMAKE_INSTALL_PREFIX=/home/marko/comp3431_workspace/install/wall_follower
[0.816s] -- The C compiler identification is GNU 9.4.0
[2.540s] -- The CXX compiler identification is GNU 9.4.0
[3.523s] -- Check for working C compiler: /usr/bin/cc
[4.424s] -- Check for working C compiler: /usr/bin/cc -- works
[4.427s] -- Detecting C compiler ABI info
[5.361s] -- Detecting C compiler ABI info - done
[5.417s] -- Detecting C compile features
[5.418s] -- Detecting C compile features - done
[5.429s] -- Check for working CXX compiler: /usr/bin/c++
[6.342s] -- Check for working CXX compiler: /usr/bin/c++ -- works
[6.344s] -- Detecting CXX compiler ABI info
[7.145s] -- Detecting CXX compiler ABI info - done
[7.192s] -- Detecting CXX compile features
[7.194s] -- Detecting CXX compile features - done
[7.202s] -- Found ament_cmake: 0.9.12 (/opt/ros/foxy/share/ament_cmake/cmake)
[7.289s] -- Found PythonInterp: /usr/bin/python3 (found suitable version "3.8.10", minimum required is "3") 
[7.289s] -- Using PYTHON_EXECUTABLE: /usr/bin/python3
[7.592s] -- Found geometry_msgs: 2.0.5 (/opt/ros/foxy/share/geometry_msgs/cmake)
[8.655s] -- Using all available rosidl_typesupport_c: rosidl_typesupport_fastrtps_c;rosidl_typesupport_introspection_c
[8.673s] -- Found rosidl_adapter: 1.3.1 (/opt/ros/foxy/share/rosidl_adapter/cmake)
[16.677s] -- Found OpenSSL: /usr/lib/x86_64-linux-gnu/libcrypto.so (found version "1.1.1f")  
[26.576s] -- Found FastRTPS: /opt/ros/foxy/include  
[44.275s] -- Using all available rosidl_typesupport_cpp: rosidl_typesupport_fastrtps_cpp;rosidl_typesupport_introspection_cpp
[44.530s] -- Found nav_msgs: 2.0.5 (/opt/ros/foxy/share/nav_msgs/cmake)
[44.657s] -- Found rclcpp: 2.4.3 (/opt/ros/foxy/share/rclcpp/cmake)
[44.877s] -- Found rmw_implementation_cmake: 1.0.4 (/opt/ros/foxy/share/rmw_implementation_cmake/cmake)
[44.888s] -- Using RMW implementation 'rmw_fastrtps_cpp' as default
[44.897s] -- Looking for pthread.h
[45.742s] -- Looking for pthread.h - found
[45.744s] -- Performing Test CMAKE_HAVE_LIBC_PTHREAD
[46.597s] -- Performing Test CMAKE_HAVE_LIBC_PTHREAD - Failed
[46.598s] -- Looking for pthread_create in pthreads
[47.518s] -- Looking for pthread_create in pthreads - not found
[47.519s] -- Looking for pthread_create in pthread
[48.328s] -- Looking for pthread_create in pthread - found
[48.332s] -- Found Threads: TRUE  
[48.909s] -- Found sensor_msgs: 2.0.5 (/opt/ros/foxy/share/sensor_msgs/cmake)
[49.086s] -- Found tf2: 0.13.14 (/opt/ros/foxy/share/tf2/cmake)
[49.308s] -- Configuring done
[49.337s] -- Generating done
[49.342s] -- Build files have been written to: /home/marko/comp3431_workspace/build/wall_follower
[49.371s] Invoked command in '/home/marko/comp3431_workspace/build/wall_follower' returned '0': CMAKE_PREFIX_PATH=/opt/ros/foxy /usr/bin/cmake /home/marko/comp3431_workspace/src/wall_follower/wall_follower -DCMAKE_INSTALL_PREFIX=/home/marko/comp3431_workspace/install/wall_follower
[49.382s] Invoking command in '/home/marko/comp3431_workspace/build/wall_follower': CMAKE_PREFIX_PATH=/opt/ros/foxy /usr/bin/cmake --build /home/marko/comp3431_workspace/build/wall_follower -- -j12 -l12
[49.521s] [35m[1mScanning dependencies of target wall_follower[0m
[50.094s] [ 50%] [32mBuilding CXX object CMakeFiles/wall_follower.dir/src/wall_follower.cpp.o[0m
[59.835s] [100%] [32m[1mLinking CXX executable wall_follower[0m
[61.223s] [100%] Built target wall_follower
[61.247s] Invoked command in '/home/marko/comp3431_workspace/build/wall_follower' returned '0': CMAKE_PREFIX_PATH=/opt/ros/foxy /usr/bin/cmake --build /home/marko/comp3431_workspace/build/wall_follower -- -j12 -l12
[61.327s] Invoking command in '/home/marko/comp3431_workspace/build/wall_follower': CMAKE_PREFIX_PATH=/opt/ros/foxy /usr/bin/cmake --install /home/marko/comp3431_workspace/build/wall_follower
[61.354s] -- Install configuration: ""
[61.355s] -- Installing: /home/marko/comp3431_workspace/install/wall_follower/lib/wall_follower/wall_follower
[61.364s] -- Set runtime path of "/home/marko/comp3431_workspace/install/wall_follower/lib/wall_follower/wall_follower" to ""
[61.364s] -- Installing: /home/marko/comp3431_workspace/install/wall_follower/share/wall_follower//launch
[61.365s] -- Installing: /home/marko/comp3431_workspace/install/wall_follower/include/
[61.367s] -- Installing: /home/marko/comp3431_workspace/install/wall_follower/include//wall_follower
[61.367s] -- Installing: /home/marko/comp3431_workspace/install/wall_follower/include//wall_follower/wall_follower.hpp
[61.368s] -- Installing: /home/marko/comp3431_workspace/install/wall_follower/share/ament_index/resource_index/package_run_dependencies/wall_follower
[61.369s] -- Installing: /home/marko/comp3431_workspace/install/wall_follower/share/ament_index/resource_index/parent_prefix_path/wall_follower
[61.369s] -- Installing: /home/marko/comp3431_workspace/install/wall_follower/share/wall_follower/environment/ament_prefix_path.sh
[61.370s] -- Installing: /home/marko/comp3431_workspace/install/wall_follower/share/wall_follower/environment/ament_prefix_path.dsv
[61.371s] -- Installing: /home/marko/comp3431_workspace/install/wall_follower/share/wall_follower/environment/path.sh
[61.372s] -- Installing: /home/marko/comp3431_workspace/install/wall_follower/share/wall_follower/environment/path.dsv
[61.373s] -- Installing: /home/marko/comp3431_workspace/install/wall_follower/share/wall_follower/local_setup.bash
[61.374s] -- Installing: /home/marko/comp3431_workspace/install/wall_follower/share/wall_follower/local_setup.sh
[61.374s] -- Installing: /home/marko/comp3431_workspace/install/wall_follower/share/wall_follower/local_setup.zsh
[61.375s] -- Installing: /home/marko/comp3431_workspace/install/wall_follower/share/wall_follower/local_setup.dsv
[61.376s] -- Installing: /home/marko/comp3431_workspace/install/wall_follower/share/wall_follower/package.dsv
[61.377s] -- Installing: /home/marko/comp3431_workspace/install/wall_follower/share/ament_index/resource_index/packages/wall_follower
[61.377s] -- Installing: /home/marko/comp3431_workspace/install/wall_follower/share/wall_follower/cmake/ament_cmake_export_include_directories-extras.cmake
[61.378s] -- Installing: /home/marko/comp3431_workspace/install/wall_follower/share/wall_follower/cmake/ament_cmake_export_dependencies-extras.cmake
[61.379s] -- Installing: /home/marko/comp3431_workspace/install/wall_follower/share/wall_follower/cmake/wall_followerConfig.cmake
[61.379s] -- Installing: /home/marko/comp3431_workspace/install/wall_follower/share/wall_follower/cmake/wall_followerConfig-version.cmake
[61.380s] -- Installing: /home/marko/comp3431_workspace/install/wall_follower/share/wall_follower/package.xml
[61.391s] Invoked command in '/home/marko/comp3431_workspace/build/wall_follower' returned '0': CMAKE_PREFIX_PATH=/opt/ros/foxy /usr/bin/cmake --install /home/marko/comp3431_workspace/build/wall_follower
